#-----------------------------------------------------------
# Vivado v2020.2 (64-bit)
# SW Build 3064766 on Wed Nov 18 09:12:45 MST 2020
# IP Build 3064653 on Wed Nov 18 14:17:31 MST 2020
# Start of session at: Fri May  5 15:28:01 2023
# Process ID: 25668
# Current directory: C:/Users/daido/Desktop/Polimi/Anno 4/DESD/Git/KittCarPWM/AuDiOcOnSoLe
# Command line: vivado.exe -gui_launcher_event rodinguilauncherevent13660 C:\Users\daido\Desktop\Polimi\Anno 4\DESD\Git\KittCarPWM\AuDiOcOnSoLe\AuDiOcOnSoLe.xpr
# Log file: C:/Users/daido/Desktop/Polimi/Anno 4/DESD/Git/KittCarPWM/AuDiOcOnSoLe/vivado.log
# Journal file: C:/Users/daido/Desktop/Polimi/Anno 4/DESD/Git/KittCarPWM/AuDiOcOnSoLe\vivado.jou
#-----------------------------------------------------------
start_gui
open_project {C:/Users/daido/Desktop/Polimi/Anno 4/DESD/Git/KittCarPWM/AuDiOcOnSoLe/AuDiOcOnSoLe.xpr}
INFO: [Project 1-313] Project file moved from '/home/stexo/Nextcloud/uni/Polimi/8_Semester/DESD/labs/DESD_LABS/AuDiOcOnSoLe' since last save.
WARNING: [filemgmt 56-2] Board Part Repository Path: Could not find the directory 'C:/Users/.Xilinx/Vivado/2020.2/xhub/board_store/xilinx_board_store', nor could it be found using path 'C:/home/stexo/.Xilinx/Vivado/2020.2/xhub/board_store/xilinx_board_store'.
WARNING: [filemgmt 56-2] IP Repository Path: Could not find the directory 'C:/Users/daido/Desktop/Polimi/Anno 4/DESD/code/ipCoreVivado', nor could it be found using path 'C:/home/stexo/Nextcloud/uni/Polimi/8_Semester/DESD/code/ipCoreVivado'.
WARNING: [filemgmt 56-2] Default IP Output Path : Could not find the directory 'C:/Users/daido/Desktop/Polimi/Anno 4/DESD/Git/KittCarPWM/AuDiOcOnSoLe/AuDiOcOnSoLe.gen/sources_1', nor could it be found using path 'C:/home/stexo/Nextcloud/uni/Polimi/8_Semester/DESD/labs/DESD_LABS/AuDiOcOnSoLe/AuDiOcOnSoLe.gen/sources_1'.
WARNING: [filemgmt 56-2] IPUserFilesDir: Could not find the directory 'C:/Users/daido/Desktop/Polimi/Anno 4/DESD/Git/KittCarPWM/AuDiOcOnSoLe/AuDiOcOnSoLe.ip_user_files', nor could it be found using path 'C:/home/stexo/Nextcloud/uni/Polimi/8_Semester/DESD/labs/DESD_LABS/AuDiOcOnSoLe/AuDiOcOnSoLe.ip_user_files'.
Scanning sources...
Finished scanning sources
INFO: [IP_Flow 19-234] Refreshing IP repositories
WARNING: [IP_Flow 19-2248] Failed to load user IP repository 'c:/Users/daido/Desktop/Polimi/Anno 4/DESD/code/ipCoreVivado'; Can't find the specified path.
If this directory should no longer be in your list of user repositories, go to the IP Settings dialog and remove it.
INFO: [IP_Flow 19-2313] Loaded Vivado IP repository 'C:/Xilinx/Vivado/2020.2/data/ip'.
update_compile_order -fileset sources_1
exit
INFO: [Common 17-206] Exiting Vivado at Fri May  5 15:41:06 2023...
