#-----------------------------------------------------------
# Vivado v2020.2 (64-bit)
# SW Build 3064766 on Wed Nov 18 09:12:45 MST 2020
# IP Build 3064653 on Wed Nov 18 14:17:31 MST 2020
# Start of session at: Sun May 14 00:14:21 2023
# Process ID: 9460
# Current directory: C:/Users/daido/Desktop/Polimi/Anno 4/DESD/Git/KittCarPWM/AuDiOcOnSoLe
# Command line: vivado.exe -gui_launcher_event rodinguilauncherevent25308 C:\Users\daido\Desktop\Polimi\Anno 4\DESD\Git\KittCarPWM\AuDiOcOnSoLe\AuDiOcOnSoLe.xpr
# Log file: C:/Users/daido/Desktop/Polimi/Anno 4/DESD/Git/KittCarPWM/AuDiOcOnSoLe/vivado.log
# Journal file: C:/Users/daido/Desktop/Polimi/Anno 4/DESD/Git/KittCarPWM/AuDiOcOnSoLe\vivado.jou
#-----------------------------------------------------------
start_gui
open_project {C:/Users/daido/Desktop/Polimi/Anno 4/DESD/Git/KittCarPWM/AuDiOcOnSoLe/AuDiOcOnSoLe.xpr}
WARNING: [filemgmt 56-3] Board Part Repository Path: Could not find the directory 'C:/Users/.Xilinx/Vivado/2020.2/xhub/board_store/xilinx_board_store'.
WARNING: [filemgmt 56-3] IP Repository Path: Could not find the directory 'C:/Users/daido/Desktop/Polimi/Anno 4/DESD/code/ipCoreVivado'.
Scanning sources...
Finished scanning sources
INFO: [IP_Flow 19-234] Refreshing IP repositories
WARNING: [IP_Flow 19-2248] Failed to load user IP repository 'c:/Users/daido/Desktop/Polimi/Anno 4/DESD/code/ipCoreVivado'; Can't find the specified path.
If this directory should no longer be in your list of user repositories, go to the IP Settings dialog and remove it.
INFO: [IP_Flow 19-1700] Loaded user IP repository 'c:/Users/daido/Desktop/Polimi/Anno 4/DESD/IP'.
INFO: [IP_Flow 19-2313] Loaded Vivado IP repository 'C:/Xilinx/Vivado/2020.2/data/ip'.
open_project: Time (s): cpu = 00:00:06 ; elapsed = 00:00:08 . Memory (MB): peak = 1003.039 ; gain = 0.000
CRITICAL WARNING: [#UNDEF] Badly-written IEEE-1735 file 'c:/Users/daido/Desktop/Polimi/Anno 4/DESD/Git/KittCarPWM/AuDiOcOnSoLe/AuDiOcOnSoLe.gen/sources_1/bd/BlockDesign/ip/BlockDesign_digilent_jstk2_0_0/BlockDesign_digilent_jstk2_0_0_sim_netlist.v' cannot be decrypted [c:/Users/daido/Desktop/Polimi/Anno 4/DESD/Git/KittCarPWM/AuDiOcOnSoLe/AuDiOcOnSoLe.gen/sources_1/bd/BlockDesign/ip/BlockDesign_digilent_jstk2_0_0/BlockDesign_digilent_jstk2_0_0_sim_netlist.v:]
CRITICAL WARNING: [#UNDEF] Badly-written IEEE-1735 file 'c:/Users/daido/Desktop/Polimi/Anno 4/DESD/Git/KittCarPWM/AuDiOcOnSoLe/AuDiOcOnSoLe.gen/sources_1/bd/BlockDesign/ip/BlockDesign_digilent_jstk2_0_0/BlockDesign_digilent_jstk2_0_0_sim_netlist.v' cannot be decrypted [c:/Users/daido/Desktop/Polimi/Anno 4/DESD/Git/KittCarPWM/AuDiOcOnSoLe/AuDiOcOnSoLe.gen/sources_1/bd/BlockDesign/ip/BlockDesign_digilent_jstk2_0_0/BlockDesign_digilent_jstk2_0_0_sim_netlist.v:]
CRITICAL WARNING: [#UNDEF] Badly-written IEEE-1735 file 'c:/Users/daido/Desktop/Polimi/Anno 4/DESD/Git/KittCarPWM/AuDiOcOnSoLe/AuDiOcOnSoLe.gen/sources_1/bd/BlockDesign/ip/BlockDesign_digilent_jstk2_0_0/BlockDesign_digilent_jstk2_0_0_sim_netlist.vhdl' cannot be decrypted [c:/Users/daido/Desktop/Polimi/Anno 4/DESD/Git/KittCarPWM/AuDiOcOnSoLe/AuDiOcOnSoLe.gen/sources_1/bd/BlockDesign/ip/BlockDesign_digilent_jstk2_0_0/BlockDesign_digilent_jstk2_0_0_sim_netlist.vhdl:]
CRITICAL WARNING: [#UNDEF] Badly-written IEEE-1735 file 'c:/Users/daido/Desktop/Polimi/Anno 4/DESD/Git/KittCarPWM/AuDiOcOnSoLe/AuDiOcOnSoLe.gen/sources_1/bd/BlockDesign/ip/BlockDesign_digilent_jstk2_0_0/BlockDesign_digilent_jstk2_0_0_sim_netlist.vhdl' cannot be decrypted [c:/Users/daido/Desktop/Polimi/Anno 4/DESD/Git/KittCarPWM/AuDiOcOnSoLe/AuDiOcOnSoLe.gen/sources_1/bd/BlockDesign/ip/BlockDesign_digilent_jstk2_0_0/BlockDesign_digilent_jstk2_0_0_sim_netlist.vhdl:]
CRITICAL WARNING: [#UNDEF] Badly-written IEEE-1735 file 'c:/Users/daido/Desktop/Polimi/Anno 4/DESD/Git/KittCarPWM/AuDiOcOnSoLe/AuDiOcOnSoLe.gen/sources_1/bd/BlockDesign/ip/BlockDesign_digilent_jstk2_0_0/BlockDesign_digilent_jstk2_0_0_sim_netlist.v' cannot be decrypted [c:/Users/daido/Desktop/Polimi/Anno 4/DESD/Git/KittCarPWM/AuDiOcOnSoLe/AuDiOcOnSoLe.gen/sources_1/bd/BlockDesign/ip/BlockDesign_digilent_jstk2_0_0/BlockDesign_digilent_jstk2_0_0_sim_netlist.v:]
CRITICAL WARNING: [#UNDEF] Badly-written IEEE-1735 file 'c:/Users/daido/Desktop/Polimi/Anno 4/DESD/Git/KittCarPWM/AuDiOcOnSoLe/AuDiOcOnSoLe.gen/sources_1/bd/BlockDesign/ip/BlockDesign_digilent_jstk2_0_0/BlockDesign_digilent_jstk2_0_0_sim_netlist.v' cannot be decrypted [c:/Users/daido/Desktop/Polimi/Anno 4/DESD/Git/KittCarPWM/AuDiOcOnSoLe/AuDiOcOnSoLe.gen/sources_1/bd/BlockDesign/ip/BlockDesign_digilent_jstk2_0_0/BlockDesign_digilent_jstk2_0_0_sim_netlist.v:]
CRITICAL WARNING: [#UNDEF] Badly-written IEEE-1735 file 'c:/Users/daido/Desktop/Polimi/Anno 4/DESD/Git/KittCarPWM/AuDiOcOnSoLe/AuDiOcOnSoLe.gen/sources_1/bd/BlockDesign/ip/BlockDesign_digilent_jstk2_0_0/BlockDesign_digilent_jstk2_0_0_sim_netlist.vhdl' cannot be decrypted [c:/Users/daido/Desktop/Polimi/Anno 4/DESD/Git/KittCarPWM/AuDiOcOnSoLe/AuDiOcOnSoLe.gen/sources_1/bd/BlockDesign/ip/BlockDesign_digilent_jstk2_0_0/BlockDesign_digilent_jstk2_0_0_sim_netlist.vhdl:]
CRITICAL WARNING: [#UNDEF] Badly-written IEEE-1735 file 'c:/Users/daido/Desktop/Polimi/Anno 4/DESD/Git/KittCarPWM/AuDiOcOnSoLe/AuDiOcOnSoLe.gen/sources_1/bd/BlockDesign/ip/BlockDesign_digilent_jstk2_0_0/BlockDesign_digilent_jstk2_0_0_sim_netlist.vhdl' cannot be decrypted [c:/Users/daido/Desktop/Polimi/Anno 4/DESD/Git/KittCarPWM/AuDiOcOnSoLe/AuDiOcOnSoLe.gen/sources_1/bd/BlockDesign/ip/BlockDesign_digilent_jstk2_0_0/BlockDesign_digilent_jstk2_0_0_sim_netlist.vhdl:]
CRITICAL WARNING: [#UNDEF] Badly-written IEEE-1735 file 'c:/Users/daido/Desktop/Polimi/Anno 4/DESD/Git/KittCarPWM/AuDiOcOnSoLe/AuDiOcOnSoLe.gen/sources_1/bd/BlockDesign/ip/BlockDesign_digilent_jstk2_0_0/BlockDesign_digilent_jstk2_0_0_sim_netlist.v' cannot be decrypted [c:/Users/daido/Desktop/Polimi/Anno 4/DESD/Git/KittCarPWM/AuDiOcOnSoLe/AuDiOcOnSoLe.gen/sources_1/bd/BlockDesign/ip/BlockDesign_digilent_jstk2_0_0/BlockDesign_digilent_jstk2_0_0_sim_netlist.v:]
CRITICAL WARNING: [#UNDEF] Badly-written IEEE-1735 file 'c:/Users/daido/Desktop/Polimi/Anno 4/DESD/Git/KittCarPWM/AuDiOcOnSoLe/AuDiOcOnSoLe.gen/sources_1/bd/BlockDesign/ip/BlockDesign_digilent_jstk2_0_0/BlockDesign_digilent_jstk2_0_0_sim_netlist.v' cannot be decrypted [c:/Users/daido/Desktop/Polimi/Anno 4/DESD/Git/KittCarPWM/AuDiOcOnSoLe/AuDiOcOnSoLe.gen/sources_1/bd/BlockDesign/ip/BlockDesign_digilent_jstk2_0_0/BlockDesign_digilent_jstk2_0_0_sim_netlist.v:]
CRITICAL WARNING: [#UNDEF] Badly-written IEEE-1735 file 'c:/Users/daido/Desktop/Polimi/Anno 4/DESD/Git/KittCarPWM/AuDiOcOnSoLe/AuDiOcOnSoLe.gen/sources_1/bd/BlockDesign/ip/BlockDesign_digilent_jstk2_0_0/BlockDesign_digilent_jstk2_0_0_sim_netlist.vhdl' cannot be decrypted [c:/Users/daido/Desktop/Polimi/Anno 4/DESD/Git/KittCarPWM/AuDiOcOnSoLe/AuDiOcOnSoLe.gen/sources_1/bd/BlockDesign/ip/BlockDesign_digilent_jstk2_0_0/BlockDesign_digilent_jstk2_0_0_sim_netlist.vhdl:]
CRITICAL WARNING: [#UNDEF] Badly-written IEEE-1735 file 'c:/Users/daido/Desktop/Polimi/Anno 4/DESD/Git/KittCarPWM/AuDiOcOnSoLe/AuDiOcOnSoLe.gen/sources_1/bd/BlockDesign/ip/BlockDesign_digilent_jstk2_0_0/BlockDesign_digilent_jstk2_0_0_sim_netlist.vhdl' cannot be decrypted [c:/Users/daido/Desktop/Polimi/Anno 4/DESD/Git/KittCarPWM/AuDiOcOnSoLe/AuDiOcOnSoLe.gen/sources_1/bd/BlockDesign/ip/BlockDesign_digilent_jstk2_0_0/BlockDesign_digilent_jstk2_0_0_sim_netlist.vhdl:]
update_compile_order -fileset sources_1
exit
INFO: [Common 17-206] Exiting Vivado at Sun May 14 00:21:13 2023...
