#-----------------------------------------------------------
# Vivado v2020.2 (64-bit)
# SW Build 3064766 on Wed Nov 18 09:12:45 MST 2020
# IP Build 3064653 on Wed Nov 18 14:17:31 MST 2020
# Start of session at: Tue May  9 17:29:36 2023
# Process ID: 19592
# Current directory: C:/Users/daido/Desktop/Polimi/Anno 4/DESD/Git/KittCarPWM/AuDiOcOnSoLe
# Command line: vivado.exe -gui_launcher_event rodinguilauncherevent19264 C:\Users\daido\Desktop\Polimi\Anno 4\DESD\Git\KittCarPWM\AuDiOcOnSoLe\AuDiOcOnSoLe.xpr
# Log file: C:/Users/daido/Desktop/Polimi/Anno 4/DESD/Git/KittCarPWM/AuDiOcOnSoLe/vivado.log
# Journal file: C:/Users/daido/Desktop/Polimi/Anno 4/DESD/Git/KittCarPWM/AuDiOcOnSoLe\vivado.jou
#-----------------------------------------------------------
start_gui
open_project {C:/Users/daido/Desktop/Polimi/Anno 4/DESD/Git/KittCarPWM/AuDiOcOnSoLe/AuDiOcOnSoLe.xpr}
WARNING: [filemgmt 56-3] Board Part Repository Path: Could not find the directory 'C:/Users/.Xilinx/Vivado/2020.2/xhub/board_store/xilinx_board_store'.
WARNING: [filemgmt 56-3] IP Repository Path: Could not find the directory 'C:/Users/daido/Desktop/Polimi/Anno 4/DESD/code/ipCoreVivado'.
WARNING: [filemgmt 56-3] IPUserFilesDir: Could not find the directory 'C:/Users/daido/Desktop/Polimi/Anno 4/DESD/Git/KittCarPWM/AuDiOcOnSoLe/AuDiOcOnSoLe.ip_user_files'.
Scanning sources...
Finished scanning sources
INFO: [IP_Flow 19-234] Refreshing IP repositories
WARNING: [IP_Flow 19-2248] Failed to load user IP repository 'c:/Users/daido/Desktop/Polimi/Anno 4/DESD/code/ipCoreVivado'; Can't find the specified path.
If this directory should no longer be in your list of user repositories, go to the IP Settings dialog and remove it.
INFO: [IP_Flow 19-1700] Loaded user IP repository 'c:/Users/daido/Desktop/Polimi/Anno 4/DESD/IP'.
INFO: [IP_Flow 19-2313] Loaded Vivado IP repository 'C:/Xilinx/Vivado/2020.2/data/ip'.
open_project: Time (s): cpu = 00:00:07 ; elapsed = 00:00:06 . Memory (MB): peak = 1007.840 ; gain = 0.000
CRITICAL WARNING: [#UNDEF] Badly-written IEEE-1735 file 'c:/Users/daido/Desktop/Polimi/Anno 4/DESD/Git/KittCarPWM/AuDiOcOnSoLe/AuDiOcOnSoLe.gen/sources_1/bd/BlockDesign/ip/BlockDesign_digilent_jstk2_0_0/BlockDesign_digilent_jstk2_0_0_sim_netlist.v' cannot be decrypted [c:/Users/daido/Desktop/Polimi/Anno 4/DESD/Git/KittCarPWM/AuDiOcOnSoLe/AuDiOcOnSoLe.gen/sources_1/bd/BlockDesign/ip/BlockDesign_digilent_jstk2_0_0/BlockDesign_digilent_jstk2_0_0_sim_netlist.v:]
CRITICAL WARNING: [#UNDEF] Badly-written IEEE-1735 file 'c:/Users/daido/Desktop/Polimi/Anno 4/DESD/Git/KittCarPWM/AuDiOcOnSoLe/AuDiOcOnSoLe.gen/sources_1/bd/BlockDesign/ip/BlockDesign_digilent_jstk2_0_0/BlockDesign_digilent_jstk2_0_0_sim_netlist.v' cannot be decrypted [c:/Users/daido/Desktop/Polimi/Anno 4/DESD/Git/KittCarPWM/AuDiOcOnSoLe/AuDiOcOnSoLe.gen/sources_1/bd/BlockDesign/ip/BlockDesign_digilent_jstk2_0_0/BlockDesign_digilent_jstk2_0_0_sim_netlist.v:]
CRITICAL WARNING: [#UNDEF] Badly-written IEEE-1735 file 'c:/Users/daido/Desktop/Polimi/Anno 4/DESD/Git/KittCarPWM/AuDiOcOnSoLe/AuDiOcOnSoLe.gen/sources_1/bd/BlockDesign/ip/BlockDesign_digilent_jstk2_0_0/BlockDesign_digilent_jstk2_0_0_sim_netlist.vhdl' cannot be decrypted [c:/Users/daido/Desktop/Polimi/Anno 4/DESD/Git/KittCarPWM/AuDiOcOnSoLe/AuDiOcOnSoLe.gen/sources_1/bd/BlockDesign/ip/BlockDesign_digilent_jstk2_0_0/BlockDesign_digilent_jstk2_0_0_sim_netlist.vhdl:]
CRITICAL WARNING: [#UNDEF] Badly-written IEEE-1735 file 'c:/Users/daido/Desktop/Polimi/Anno 4/DESD/Git/KittCarPWM/AuDiOcOnSoLe/AuDiOcOnSoLe.gen/sources_1/bd/BlockDesign/ip/BlockDesign_digilent_jstk2_0_0/BlockDesign_digilent_jstk2_0_0_sim_netlist.vhdl' cannot be decrypted [c:/Users/daido/Desktop/Polimi/Anno 4/DESD/Git/KittCarPWM/AuDiOcOnSoLe/AuDiOcOnSoLe.gen/sources_1/bd/BlockDesign/ip/BlockDesign_digilent_jstk2_0_0/BlockDesign_digilent_jstk2_0_0_sim_netlist.vhdl:]
CRITICAL WARNING: [#UNDEF] Badly-written IEEE-1735 file 'c:/Users/daido/Desktop/Polimi/Anno 4/DESD/Git/KittCarPWM/AuDiOcOnSoLe/AuDiOcOnSoLe.gen/sources_1/bd/BlockDesign/ip/BlockDesign_digilent_jstk2_0_0/BlockDesign_digilent_jstk2_0_0_sim_netlist.v' cannot be decrypted [c:/Users/daido/Desktop/Polimi/Anno 4/DESD/Git/KittCarPWM/AuDiOcOnSoLe/AuDiOcOnSoLe.gen/sources_1/bd/BlockDesign/ip/BlockDesign_digilent_jstk2_0_0/BlockDesign_digilent_jstk2_0_0_sim_netlist.v:]
CRITICAL WARNING: [#UNDEF] Badly-written IEEE-1735 file 'c:/Users/daido/Desktop/Polimi/Anno 4/DESD/Git/KittCarPWM/AuDiOcOnSoLe/AuDiOcOnSoLe.gen/sources_1/bd/BlockDesign/ip/BlockDesign_digilent_jstk2_0_0/BlockDesign_digilent_jstk2_0_0_sim_netlist.v' cannot be decrypted [c:/Users/daido/Desktop/Polimi/Anno 4/DESD/Git/KittCarPWM/AuDiOcOnSoLe/AuDiOcOnSoLe.gen/sources_1/bd/BlockDesign/ip/BlockDesign_digilent_jstk2_0_0/BlockDesign_digilent_jstk2_0_0_sim_netlist.v:]
CRITICAL WARNING: [#UNDEF] Badly-written IEEE-1735 file 'c:/Users/daido/Desktop/Polimi/Anno 4/DESD/Git/KittCarPWM/AuDiOcOnSoLe/AuDiOcOnSoLe.gen/sources_1/bd/BlockDesign/ip/BlockDesign_digilent_jstk2_0_0/BlockDesign_digilent_jstk2_0_0_sim_netlist.vhdl' cannot be decrypted [c:/Users/daido/Desktop/Polimi/Anno 4/DESD/Git/KittCarPWM/AuDiOcOnSoLe/AuDiOcOnSoLe.gen/sources_1/bd/BlockDesign/ip/BlockDesign_digilent_jstk2_0_0/BlockDesign_digilent_jstk2_0_0_sim_netlist.vhdl:]
CRITICAL WARNING: [#UNDEF] Badly-written IEEE-1735 file 'c:/Users/daido/Desktop/Polimi/Anno 4/DESD/Git/KittCarPWM/AuDiOcOnSoLe/AuDiOcOnSoLe.gen/sources_1/bd/BlockDesign/ip/BlockDesign_digilent_jstk2_0_0/BlockDesign_digilent_jstk2_0_0_sim_netlist.vhdl' cannot be decrypted [c:/Users/daido/Desktop/Polimi/Anno 4/DESD/Git/KittCarPWM/AuDiOcOnSoLe/AuDiOcOnSoLe.gen/sources_1/bd/BlockDesign/ip/BlockDesign_digilent_jstk2_0_0/BlockDesign_digilent_jstk2_0_0_sim_netlist.vhdl:]
update_compile_order -fileset sources_1
update_module_reference BlockDesign_MovingAverageFilter_0_0
INFO: [IP_Flow 19-5107] Inferred bus interface 'M_AXIS' of definition 'xilinx.com:interface:axis:1.0' (from Xilinx Repository).
INFO: [IP_Flow 19-5107] Inferred bus interface 'S_AXIS' of definition 'xilinx.com:interface:axis:1.0' (from Xilinx Repository).
INFO: [IP_Flow 19-5107] Inferred bus interface 'aresetn' of definition 'xilinx.com:signal:reset:1.0' (from Xilinx Repository).
INFO: [IP_Flow 19-5107] Inferred bus interface 'aclk' of definition 'xilinx.com:signal:clock:1.0' (from Xilinx Repository).
INFO: [IP_Flow 19-4728] Bus Interface 'aresetn': Added interface parameter 'POLARITY' with value 'ACTIVE_LOW'.
INFO: [IP_Flow 19-4728] Bus Interface 'aclk': Added interface parameter 'ASSOCIATED_BUSIF' with value 'M_AXIS'.
INFO: [IP_Flow 19-4728] Bus Interface 'aclk': Added interface parameter 'ASSOCIATED_RESET' with value 'aresetn'.
INFO: [IP_Flow 19-234] Refreshing IP repositories
WARNING: [IP_Flow 19-2248] Failed to load user IP repository 'c:/Users/daido/Desktop/Polimi/Anno 4/DESD/code/ipCoreVivado'; Can't find the specified path.
If this directory should no longer be in your list of user repositories, go to the IP Settings dialog and remove it.
INFO: [IP_Flow 19-1700] Loaded user IP repository 'c:/Users/daido/Desktop/Polimi/Anno 4/DESD/IP'.
Reading block design file <C:/Users/daido/Desktop/Polimi/Anno 4/DESD/Git/KittCarPWM/AuDiOcOnSoLe/AuDiOcOnSoLe.srcs/sources_1/bd/BlockDesign/BlockDesign.bd>...
Adding component instance block -- xilinx.com:ip:clk_wiz:6.0 - clk_wiz_0
Adding component instance block -- xilinx.com:ip:proc_sys_reset:5.0 - proc_sys_reset_0
Adding component instance block -- xilinx.com:ip:proc_sys_reset:5.0 - proc_sys_reset_1
Adding component instance block -- xilinx.com:module_ref:digilent_jstk2:1.0 - digilent_jstk2_0
Adding component instance block -- xilinx.com:module_ref:Debouncer:1.0 - Debouncer_0
Adding component instance block -- xilinx.com:module_ref:Debouncer:1.0 - Debouncer_1
Adding component instance block -- xilinx.com:module_ref:EdgeDetector:1.0 - EdgeDetector_0
Adding component instance block -- xilinx.com:module_ref:EdgeDetector:1.0 - EdgeDetector_1
Adding component instance block -- xilinx.com:module_ref:MovingAverageFilter:1.0 - MovingAverageFilter_0
Adding component instance block -- DigiLAB:ip:axi4stream_spi_master:1.0 - axi4stream_spi_master_1
Adding component instance block -- DigiLAB:ip:axis_dual_i2s:1.0 - axis_dual_i2s_1
Successfully read diagram <BlockDesign> from block design file <C:/Users/daido/Desktop/Polimi/Anno 4/DESD/Git/KittCarPWM/AuDiOcOnSoLe/AuDiOcOnSoLe.srcs/sources_1/bd/BlockDesign/BlockDesign.bd>
Upgrading 'C:/Users/daido/Desktop/Polimi/Anno 4/DESD/Git/KittCarPWM/AuDiOcOnSoLe/AuDiOcOnSoLe.srcs/sources_1/bd/BlockDesign/BlockDesign.bd'
INFO: [IP_Flow 19-1972] Upgraded BlockDesign_MovingAverageFilter_0_0 from MovingAverageFilter_v1_0 1.0 to MovingAverageFilter_v1_0 1.0
Wrote  : <C:\Users\daido\Desktop\Polimi\Anno 4\DESD\Git\KittCarPWM\AuDiOcOnSoLe\AuDiOcOnSoLe.srcs\sources_1\bd\BlockDesign\BlockDesign.bd> 
Wrote  : <C:/Users/daido/Desktop/Polimi/Anno 4/DESD/Git/KittCarPWM/AuDiOcOnSoLe/AuDiOcOnSoLe.srcs/sources_1/bd/BlockDesign/ui/bd_1f67aeeb.ui> 
upgrade_ip: Time (s): cpu = 00:00:13 ; elapsed = 00:00:15 . Memory (MB): peak = 1007.840 ; gain = 0.000
update_module_reference: Time (s): cpu = 00:00:13 ; elapsed = 00:00:15 . Memory (MB): peak = 1007.840 ; gain = 0.000
CRITICAL WARNING: [#UNDEF] Badly-written IEEE-1735 file 'c:/Users/daido/Desktop/Polimi/Anno 4/DESD/Git/KittCarPWM/AuDiOcOnSoLe/AuDiOcOnSoLe.gen/sources_1/bd/BlockDesign/ip/BlockDesign_digilent_jstk2_0_0/BlockDesign_digilent_jstk2_0_0_sim_netlist.v' cannot be decrypted [c:/Users/daido/Desktop/Polimi/Anno 4/DESD/Git/KittCarPWM/AuDiOcOnSoLe/AuDiOcOnSoLe.gen/sources_1/bd/BlockDesign/ip/BlockDesign_digilent_jstk2_0_0/BlockDesign_digilent_jstk2_0_0_sim_netlist.v:]
CRITICAL WARNING: [#UNDEF] Badly-written IEEE-1735 file 'c:/Users/daido/Desktop/Polimi/Anno 4/DESD/Git/KittCarPWM/AuDiOcOnSoLe/AuDiOcOnSoLe.gen/sources_1/bd/BlockDesign/ip/BlockDesign_digilent_jstk2_0_0/BlockDesign_digilent_jstk2_0_0_sim_netlist.v' cannot be decrypted [c:/Users/daido/Desktop/Polimi/Anno 4/DESD/Git/KittCarPWM/AuDiOcOnSoLe/AuDiOcOnSoLe.gen/sources_1/bd/BlockDesign/ip/BlockDesign_digilent_jstk2_0_0/BlockDesign_digilent_jstk2_0_0_sim_netlist.v:]
CRITICAL WARNING: [#UNDEF] Badly-written IEEE-1735 file 'c:/Users/daido/Desktop/Polimi/Anno 4/DESD/Git/KittCarPWM/AuDiOcOnSoLe/AuDiOcOnSoLe.gen/sources_1/bd/BlockDesign/ip/BlockDesign_digilent_jstk2_0_0/BlockDesign_digilent_jstk2_0_0_sim_netlist.vhdl' cannot be decrypted [c:/Users/daido/Desktop/Polimi/Anno 4/DESD/Git/KittCarPWM/AuDiOcOnSoLe/AuDiOcOnSoLe.gen/sources_1/bd/BlockDesign/ip/BlockDesign_digilent_jstk2_0_0/BlockDesign_digilent_jstk2_0_0_sim_netlist.vhdl:]
CRITICAL WARNING: [#UNDEF] Badly-written IEEE-1735 file 'c:/Users/daido/Desktop/Polimi/Anno 4/DESD/Git/KittCarPWM/AuDiOcOnSoLe/AuDiOcOnSoLe.gen/sources_1/bd/BlockDesign/ip/BlockDesign_digilent_jstk2_0_0/BlockDesign_digilent_jstk2_0_0_sim_netlist.vhdl' cannot be decrypted [c:/Users/daido/Desktop/Polimi/Anno 4/DESD/Git/KittCarPWM/AuDiOcOnSoLe/AuDiOcOnSoLe.gen/sources_1/bd/BlockDesign/ip/BlockDesign_digilent_jstk2_0_0/BlockDesign_digilent_jstk2_0_0_sim_netlist.vhdl:]
CRITICAL WARNING: [#UNDEF] Badly-written IEEE-1735 file 'c:/Users/daido/Desktop/Polimi/Anno 4/DESD/Git/KittCarPWM/AuDiOcOnSoLe/AuDiOcOnSoLe.gen/sources_1/bd/BlockDesign/ip/BlockDesign_digilent_jstk2_0_0/BlockDesign_digilent_jstk2_0_0_sim_netlist.v' cannot be decrypted [c:/Users/daido/Desktop/Polimi/Anno 4/DESD/Git/KittCarPWM/AuDiOcOnSoLe/AuDiOcOnSoLe.gen/sources_1/bd/BlockDesign/ip/BlockDesign_digilent_jstk2_0_0/BlockDesign_digilent_jstk2_0_0_sim_netlist.v:]
CRITICAL WARNING: [#UNDEF] Badly-written IEEE-1735 file 'c:/Users/daido/Desktop/Polimi/Anno 4/DESD/Git/KittCarPWM/AuDiOcOnSoLe/AuDiOcOnSoLe.gen/sources_1/bd/BlockDesign/ip/BlockDesign_digilent_jstk2_0_0/BlockDesign_digilent_jstk2_0_0_sim_netlist.v' cannot be decrypted [c:/Users/daido/Desktop/Polimi/Anno 4/DESD/Git/KittCarPWM/AuDiOcOnSoLe/AuDiOcOnSoLe.gen/sources_1/bd/BlockDesign/ip/BlockDesign_digilent_jstk2_0_0/BlockDesign_digilent_jstk2_0_0_sim_netlist.v:]
CRITICAL WARNING: [#UNDEF] Badly-written IEEE-1735 file 'c:/Users/daido/Desktop/Polimi/Anno 4/DESD/Git/KittCarPWM/AuDiOcOnSoLe/AuDiOcOnSoLe.gen/sources_1/bd/BlockDesign/ip/BlockDesign_digilent_jstk2_0_0/BlockDesign_digilent_jstk2_0_0_sim_netlist.vhdl' cannot be decrypted [c:/Users/daido/Desktop/Polimi/Anno 4/DESD/Git/KittCarPWM/AuDiOcOnSoLe/AuDiOcOnSoLe.gen/sources_1/bd/BlockDesign/ip/BlockDesign_digilent_jstk2_0_0/BlockDesign_digilent_jstk2_0_0_sim_netlist.vhdl:]
CRITICAL WARNING: [#UNDEF] Badly-written IEEE-1735 file 'c:/Users/daido/Desktop/Polimi/Anno 4/DESD/Git/KittCarPWM/AuDiOcOnSoLe/AuDiOcOnSoLe.gen/sources_1/bd/BlockDesign/ip/BlockDesign_digilent_jstk2_0_0/BlockDesign_digilent_jstk2_0_0_sim_netlist.vhdl' cannot be decrypted [c:/Users/daido/Desktop/Polimi/Anno 4/DESD/Git/KittCarPWM/AuDiOcOnSoLe/AuDiOcOnSoLe.gen/sources_1/bd/BlockDesign/ip/BlockDesign_digilent_jstk2_0_0/BlockDesign_digilent_jstk2_0_0_sim_netlist.vhdl:]
CRITICAL WARNING: [#UNDEF] Badly-written IEEE-1735 file 'c:/Users/daido/Desktop/Polimi/Anno 4/DESD/Git/KittCarPWM/AuDiOcOnSoLe/AuDiOcOnSoLe.gen/sources_1/bd/BlockDesign/ip/BlockDesign_digilent_jstk2_0_0/BlockDesign_digilent_jstk2_0_0_sim_netlist.v' cannot be decrypted [c:/Users/daido/Desktop/Polimi/Anno 4/DESD/Git/KittCarPWM/AuDiOcOnSoLe/AuDiOcOnSoLe.gen/sources_1/bd/BlockDesign/ip/BlockDesign_digilent_jstk2_0_0/BlockDesign_digilent_jstk2_0_0_sim_netlist.v:]
CRITICAL WARNING: [#UNDEF] Badly-written IEEE-1735 file 'c:/Users/daido/Desktop/Polimi/Anno 4/DESD/Git/KittCarPWM/AuDiOcOnSoLe/AuDiOcOnSoLe.gen/sources_1/bd/BlockDesign/ip/BlockDesign_digilent_jstk2_0_0/BlockDesign_digilent_jstk2_0_0_sim_netlist.v' cannot be decrypted [c:/Users/daido/Desktop/Polimi/Anno 4/DESD/Git/KittCarPWM/AuDiOcOnSoLe/AuDiOcOnSoLe.gen/sources_1/bd/BlockDesign/ip/BlockDesign_digilent_jstk2_0_0/BlockDesign_digilent_jstk2_0_0_sim_netlist.v:]
CRITICAL WARNING: [#UNDEF] Badly-written IEEE-1735 file 'c:/Users/daido/Desktop/Polimi/Anno 4/DESD/Git/KittCarPWM/AuDiOcOnSoLe/AuDiOcOnSoLe.gen/sources_1/bd/BlockDesign/ip/BlockDesign_digilent_jstk2_0_0/BlockDesign_digilent_jstk2_0_0_sim_netlist.vhdl' cannot be decrypted [c:/Users/daido/Desktop/Polimi/Anno 4/DESD/Git/KittCarPWM/AuDiOcOnSoLe/AuDiOcOnSoLe.gen/sources_1/bd/BlockDesign/ip/BlockDesign_digilent_jstk2_0_0/BlockDesign_digilent_jstk2_0_0_sim_netlist.vhdl:]
CRITICAL WARNING: [#UNDEF] Badly-written IEEE-1735 file 'c:/Users/daido/Desktop/Polimi/Anno 4/DESD/Git/KittCarPWM/AuDiOcOnSoLe/AuDiOcOnSoLe.gen/sources_1/bd/BlockDesign/ip/BlockDesign_digilent_jstk2_0_0/BlockDesign_digilent_jstk2_0_0_sim_netlist.vhdl' cannot be decrypted [c:/Users/daido/Desktop/Polimi/Anno 4/DESD/Git/KittCarPWM/AuDiOcOnSoLe/AuDiOcOnSoLe.gen/sources_1/bd/BlockDesign/ip/BlockDesign_digilent_jstk2_0_0/BlockDesign_digilent_jstk2_0_0_sim_netlist.vhdl:]
CRITICAL WARNING: [#UNDEF] Badly-written IEEE-1735 file 'c:/Users/daido/Desktop/Polimi/Anno 4/DESD/Git/KittCarPWM/AuDiOcOnSoLe/AuDiOcOnSoLe.gen/sources_1/bd/BlockDesign/ip/BlockDesign_digilent_jstk2_0_0/BlockDesign_digilent_jstk2_0_0_sim_netlist.v' cannot be decrypted [c:/Users/daido/Desktop/Polimi/Anno 4/DESD/Git/KittCarPWM/AuDiOcOnSoLe/AuDiOcOnSoLe.gen/sources_1/bd/BlockDesign/ip/BlockDesign_digilent_jstk2_0_0/BlockDesign_digilent_jstk2_0_0_sim_netlist.v:]
CRITICAL WARNING: [#UNDEF] Badly-written IEEE-1735 file 'c:/Users/daido/Desktop/Polimi/Anno 4/DESD/Git/KittCarPWM/AuDiOcOnSoLe/AuDiOcOnSoLe.gen/sources_1/bd/BlockDesign/ip/BlockDesign_digilent_jstk2_0_0/BlockDesign_digilent_jstk2_0_0_sim_netlist.v' cannot be decrypted [c:/Users/daido/Desktop/Polimi/Anno 4/DESD/Git/KittCarPWM/AuDiOcOnSoLe/AuDiOcOnSoLe.gen/sources_1/bd/BlockDesign/ip/BlockDesign_digilent_jstk2_0_0/BlockDesign_digilent_jstk2_0_0_sim_netlist.v:]
CRITICAL WARNING: [#UNDEF] Badly-written IEEE-1735 file 'c:/Users/daido/Desktop/Polimi/Anno 4/DESD/Git/KittCarPWM/AuDiOcOnSoLe/AuDiOcOnSoLe.gen/sources_1/bd/BlockDesign/ip/BlockDesign_digilent_jstk2_0_0/BlockDesign_digilent_jstk2_0_0_sim_netlist.vhdl' cannot be decrypted [c:/Users/daido/Desktop/Polimi/Anno 4/DESD/Git/KittCarPWM/AuDiOcOnSoLe/AuDiOcOnSoLe.gen/sources_1/bd/BlockDesign/ip/BlockDesign_digilent_jstk2_0_0/BlockDesign_digilent_jstk2_0_0_sim_netlist.vhdl:]
CRITICAL WARNING: [#UNDEF] Badly-written IEEE-1735 file 'c:/Users/daido/Desktop/Polimi/Anno 4/DESD/Git/KittCarPWM/AuDiOcOnSoLe/AuDiOcOnSoLe.gen/sources_1/bd/BlockDesign/ip/BlockDesign_digilent_jstk2_0_0/BlockDesign_digilent_jstk2_0_0_sim_netlist.vhdl' cannot be decrypted [c:/Users/daido/Desktop/Polimi/Anno 4/DESD/Git/KittCarPWM/AuDiOcOnSoLe/AuDiOcOnSoLe.gen/sources_1/bd/BlockDesign/ip/BlockDesign_digilent_jstk2_0_0/BlockDesign_digilent_jstk2_0_0_sim_netlist.vhdl:]
CRITICAL WARNING: [#UNDEF] Badly-written IEEE-1735 file 'c:/Users/daido/Desktop/Polimi/Anno 4/DESD/Git/KittCarPWM/AuDiOcOnSoLe/AuDiOcOnSoLe.gen/sources_1/bd/BlockDesign/ip/BlockDesign_digilent_jstk2_0_0/BlockDesign_digilent_jstk2_0_0_sim_netlist.v' cannot be decrypted [c:/Users/daido/Desktop/Polimi/Anno 4/DESD/Git/KittCarPWM/AuDiOcOnSoLe/AuDiOcOnSoLe.gen/sources_1/bd/BlockDesign/ip/BlockDesign_digilent_jstk2_0_0/BlockDesign_digilent_jstk2_0_0_sim_netlist.v:]
CRITICAL WARNING: [#UNDEF] Badly-written IEEE-1735 file 'c:/Users/daido/Desktop/Polimi/Anno 4/DESD/Git/KittCarPWM/AuDiOcOnSoLe/AuDiOcOnSoLe.gen/sources_1/bd/BlockDesign/ip/BlockDesign_digilent_jstk2_0_0/BlockDesign_digilent_jstk2_0_0_sim_netlist.v' cannot be decrypted [c:/Users/daido/Desktop/Polimi/Anno 4/DESD/Git/KittCarPWM/AuDiOcOnSoLe/AuDiOcOnSoLe.gen/sources_1/bd/BlockDesign/ip/BlockDesign_digilent_jstk2_0_0/BlockDesign_digilent_jstk2_0_0_sim_netlist.v:]
CRITICAL WARNING: [#UNDEF] Badly-written IEEE-1735 file 'c:/Users/daido/Desktop/Polimi/Anno 4/DESD/Git/KittCarPWM/AuDiOcOnSoLe/AuDiOcOnSoLe.gen/sources_1/bd/BlockDesign/ip/BlockDesign_digilent_jstk2_0_0/BlockDesign_digilent_jstk2_0_0_sim_netlist.vhdl' cannot be decrypted [c:/Users/daido/Desktop/Polimi/Anno 4/DESD/Git/KittCarPWM/AuDiOcOnSoLe/AuDiOcOnSoLe.gen/sources_1/bd/BlockDesign/ip/BlockDesign_digilent_jstk2_0_0/BlockDesign_digilent_jstk2_0_0_sim_netlist.vhdl:]
CRITICAL WARNING: [#UNDEF] Badly-written IEEE-1735 file 'c:/Users/daido/Desktop/Polimi/Anno 4/DESD/Git/KittCarPWM/AuDiOcOnSoLe/AuDiOcOnSoLe.gen/sources_1/bd/BlockDesign/ip/BlockDesign_digilent_jstk2_0_0/BlockDesign_digilent_jstk2_0_0_sim_netlist.vhdl' cannot be decrypted [c:/Users/daido/Desktop/Polimi/Anno 4/DESD/Git/KittCarPWM/AuDiOcOnSoLe/AuDiOcOnSoLe.gen/sources_1/bd/BlockDesign/ip/BlockDesign_digilent_jstk2_0_0/BlockDesign_digilent_jstk2_0_0_sim_netlist.vhdl:]
CRITICAL WARNING: [#UNDEF] Badly-written IEEE-1735 file 'c:/Users/daido/Desktop/Polimi/Anno 4/DESD/Git/KittCarPWM/AuDiOcOnSoLe/AuDiOcOnSoLe.gen/sources_1/bd/BlockDesign/ip/BlockDesign_digilent_jstk2_0_0/BlockDesign_digilent_jstk2_0_0_sim_netlist.v' cannot be decrypted [c:/Users/daido/Desktop/Polimi/Anno 4/DESD/Git/KittCarPWM/AuDiOcOnSoLe/AuDiOcOnSoLe.gen/sources_1/bd/BlockDesign/ip/BlockDesign_digilent_jstk2_0_0/BlockDesign_digilent_jstk2_0_0_sim_netlist.v:]
CRITICAL WARNING: [#UNDEF] Badly-written IEEE-1735 file 'c:/Users/daido/Desktop/Polimi/Anno 4/DESD/Git/KittCarPWM/AuDiOcOnSoLe/AuDiOcOnSoLe.gen/sources_1/bd/BlockDesign/ip/BlockDesign_digilent_jstk2_0_0/BlockDesign_digilent_jstk2_0_0_sim_netlist.v' cannot be decrypted [c:/Users/daido/Desktop/Polimi/Anno 4/DESD/Git/KittCarPWM/AuDiOcOnSoLe/AuDiOcOnSoLe.gen/sources_1/bd/BlockDesign/ip/BlockDesign_digilent_jstk2_0_0/BlockDesign_digilent_jstk2_0_0_sim_netlist.v:]
CRITICAL WARNING: [#UNDEF] Badly-written IEEE-1735 file 'c:/Users/daido/Desktop/Polimi/Anno 4/DESD/Git/KittCarPWM/AuDiOcOnSoLe/AuDiOcOnSoLe.gen/sources_1/bd/BlockDesign/ip/BlockDesign_digilent_jstk2_0_0/BlockDesign_digilent_jstk2_0_0_sim_netlist.vhdl' cannot be decrypted [c:/Users/daido/Desktop/Polimi/Anno 4/DESD/Git/KittCarPWM/AuDiOcOnSoLe/AuDiOcOnSoLe.gen/sources_1/bd/BlockDesign/ip/BlockDesign_digilent_jstk2_0_0/BlockDesign_digilent_jstk2_0_0_sim_netlist.vhdl:]
CRITICAL WARNING: [#UNDEF] Badly-written IEEE-1735 file 'c:/Users/daido/Desktop/Polimi/Anno 4/DESD/Git/KittCarPWM/AuDiOcOnSoLe/AuDiOcOnSoLe.gen/sources_1/bd/BlockDesign/ip/BlockDesign_digilent_jstk2_0_0/BlockDesign_digilent_jstk2_0_0_sim_netlist.vhdl' cannot be decrypted [c:/Users/daido/Desktop/Polimi/Anno 4/DESD/Git/KittCarPWM/AuDiOcOnSoLe/AuDiOcOnSoLe.gen/sources_1/bd/BlockDesign/ip/BlockDesign_digilent_jstk2_0_0/BlockDesign_digilent_jstk2_0_0_sim_netlist.vhdl:]
CRITICAL WARNING: [#UNDEF] Badly-written IEEE-1735 file 'c:/Users/daido/Desktop/Polimi/Anno 4/DESD/Git/KittCarPWM/AuDiOcOnSoLe/AuDiOcOnSoLe.gen/sources_1/bd/BlockDesign/ip/BlockDesign_digilent_jstk2_0_0/BlockDesign_digilent_jstk2_0_0_sim_netlist.v' cannot be decrypted [c:/Users/daido/Desktop/Polimi/Anno 4/DESD/Git/KittCarPWM/AuDiOcOnSoLe/AuDiOcOnSoLe.gen/sources_1/bd/BlockDesign/ip/BlockDesign_digilent_jstk2_0_0/BlockDesign_digilent_jstk2_0_0_sim_netlist.v:]
CRITICAL WARNING: [#UNDEF] Badly-written IEEE-1735 file 'c:/Users/daido/Desktop/Polimi/Anno 4/DESD/Git/KittCarPWM/AuDiOcOnSoLe/AuDiOcOnSoLe.gen/sources_1/bd/BlockDesign/ip/BlockDesign_digilent_jstk2_0_0/BlockDesign_digilent_jstk2_0_0_sim_netlist.v' cannot be decrypted [c:/Users/daido/Desktop/Polimi/Anno 4/DESD/Git/KittCarPWM/AuDiOcOnSoLe/AuDiOcOnSoLe.gen/sources_1/bd/BlockDesign/ip/BlockDesign_digilent_jstk2_0_0/BlockDesign_digilent_jstk2_0_0_sim_netlist.v:]
CRITICAL WARNING: [#UNDEF] Badly-written IEEE-1735 file 'c:/Users/daido/Desktop/Polimi/Anno 4/DESD/Git/KittCarPWM/AuDiOcOnSoLe/AuDiOcOnSoLe.gen/sources_1/bd/BlockDesign/ip/BlockDesign_digilent_jstk2_0_0/BlockDesign_digilent_jstk2_0_0_sim_netlist.vhdl' cannot be decrypted [c:/Users/daido/Desktop/Polimi/Anno 4/DESD/Git/KittCarPWM/AuDiOcOnSoLe/AuDiOcOnSoLe.gen/sources_1/bd/BlockDesign/ip/BlockDesign_digilent_jstk2_0_0/BlockDesign_digilent_jstk2_0_0_sim_netlist.vhdl:]
CRITICAL WARNING: [#UNDEF] Badly-written IEEE-1735 file 'c:/Users/daido/Desktop/Polimi/Anno 4/DESD/Git/KittCarPWM/AuDiOcOnSoLe/AuDiOcOnSoLe.gen/sources_1/bd/BlockDesign/ip/BlockDesign_digilent_jstk2_0_0/BlockDesign_digilent_jstk2_0_0_sim_netlist.vhdl' cannot be decrypted [c:/Users/daido/Desktop/Polimi/Anno 4/DESD/Git/KittCarPWM/AuDiOcOnSoLe/AuDiOcOnSoLe.gen/sources_1/bd/BlockDesign/ip/BlockDesign_digilent_jstk2_0_0/BlockDesign_digilent_jstk2_0_0_sim_netlist.vhdl:]
exit
INFO: [Common 17-206] Exiting Vivado at Tue May  9 17:39:16 2023...
