
*** Running vivado
    with args -log interface_bd_jstk_uart_bridge_0_0.vds -m64 -product Vivado -mode batch -messageDb vivado.pb -notrace -source interface_bd_jstk_uart_bridge_0_0.tcl


****** Vivado v2020.2 (64-bit)
  **** SW Build 3064766 on Wed Nov 18 09:12:47 MST 2020
  **** IP Build 3064653 on Wed Nov 18 14:17:31 MST 2020
    ** Copyright 1986-2020 Xilinx, Inc. All Rights Reserved.

source interface_bd_jstk_uart_bridge_0_0.tcl -notrace
INFO: [IP_Flow 19-234] Refreshing IP repositories
INFO: [IP_Flow 19-1700] Loaded user IP repository '/home/stexo/Nextcloud/uni/Polimi/8_Semester/DESD/code/ipCoreVivado'.
INFO: [IP_Flow 19-2313] Loaded Vivado IP repository '/opt/Xilinx/Vivado/2020.2/data/ip'.
Command: synth_design -top interface_bd_jstk_uart_bridge_0_0 -part xc7a35tcpg236-1 -mode out_of_context
Starting synth_design
WARNING: [IP_Flow 19-3571] IP 'interface_bd_jstk_uart_bridge_0_0' is restricted:
* Module reference is stale and needs refreshing.
Attempting to get a license for feature 'Synthesis' and/or device 'xc7a35t'
INFO: [Common 17-349] Got license for feature 'Synthesis' and/or device 'xc7a35t'
INFO: [Device 21-403] Loading part xc7a35tcpg236-1
INFO: [Synth 8-7079] Multithreading enabled for synth_design using a maximum of 4 processes.
INFO: [Synth 8-7078] Launching helper process for spawning children vivado processes
INFO: [Synth 8-7075] Helper process launched with PID 11836
---------------------------------------------------------------------------------
Starting RTL Elaboration : Time (s): cpu = 00:00:03 ; elapsed = 00:00:03 . Memory (MB): peak = 2290.578 ; gain = 0.000 ; free physical = 121 ; free virtual = 2778
---------------------------------------------------------------------------------
INFO: [Synth 8-638] synthesizing module 'interface_bd_jstk_uart_bridge_0_0' [/home/stexo/Nextcloud/uni/Polimi/8_Semester/DESD/labs/DESD_LABS/Jstk2_SpaceShooter/Jstk2_SpaceShooter.gen/sources_1/bd/interface_bd/ip/interface_bd_jstk_uart_bridge_0_0/synth/interface_bd_jstk_uart_bridge_0_0.vhd:76]
	Parameter HEADER_CODE bound to: 8'b11000000 
	Parameter TX_DELAY bound to: 1000000 - type: integer 
	Parameter JSTK_BITS bound to: 7 - type: integer 
INFO: [Synth 8-3491] module 'jstk_uart_bridge' declared at '/home/stexo/Nextcloud/uni/Polimi/8_Semester/DESD/labs/DESD_LABS/Jstk2_SpaceShooter/Jstk2_SpaceShooter.srcs/sources_1/new/jstk_uart_bridge.vhd:4' bound to instance 'U0' of component 'jstk_uart_bridge' [/home/stexo/Nextcloud/uni/Polimi/8_Semester/DESD/labs/DESD_LABS/Jstk2_SpaceShooter/Jstk2_SpaceShooter.gen/sources_1/bd/interface_bd/ip/interface_bd_jstk_uart_bridge_0_0/synth/interface_bd_jstk_uart_bridge_0_0.vhd:126]
INFO: [Synth 8-638] synthesizing module 'jstk_uart_bridge' [/home/stexo/Nextcloud/uni/Polimi/8_Semester/DESD/labs/DESD_LABS/Jstk2_SpaceShooter/Jstk2_SpaceShooter.srcs/sources_1/new/jstk_uart_bridge.vhd:35]
	Parameter HEADER_CODE bound to: 8'b11000000 
	Parameter TX_DELAY bound to: 1000000 - type: integer 
	Parameter JSTK_BITS bound to: 7 - type: integer 
WARNING: [Synth 8-614] signal 'data_ready_rx' is read in the process but is not in the sensitivity list [/home/stexo/Nextcloud/uni/Polimi/8_Semester/DESD/labs/DESD_LABS/Jstk2_SpaceShooter/Jstk2_SpaceShooter.srcs/sources_1/new/jstk_uart_bridge.vhd:127]
WARNING: [Synth 8-614] signal 'led_r_reg' is read in the process but is not in the sensitivity list [/home/stexo/Nextcloud/uni/Polimi/8_Semester/DESD/labs/DESD_LABS/Jstk2_SpaceShooter/Jstk2_SpaceShooter.srcs/sources_1/new/jstk_uart_bridge.vhd:127]
WARNING: [Synth 8-614] signal 'led_g_reg' is read in the process but is not in the sensitivity list [/home/stexo/Nextcloud/uni/Polimi/8_Semester/DESD/labs/DESD_LABS/Jstk2_SpaceShooter/Jstk2_SpaceShooter.srcs/sources_1/new/jstk_uart_bridge.vhd:127]
WARNING: [Synth 8-614] signal 'led_b_reg' is read in the process but is not in the sensitivity list [/home/stexo/Nextcloud/uni/Polimi/8_Semester/DESD/labs/DESD_LABS/Jstk2_SpaceShooter/Jstk2_SpaceShooter.srcs/sources_1/new/jstk_uart_bridge.vhd:127]
INFO: [Synth 8-256] done synthesizing module 'jstk_uart_bridge' (1#1) [/home/stexo/Nextcloud/uni/Polimi/8_Semester/DESD/labs/DESD_LABS/Jstk2_SpaceShooter/Jstk2_SpaceShooter.srcs/sources_1/new/jstk_uart_bridge.vhd:35]
INFO: [Synth 8-256] done synthesizing module 'interface_bd_jstk_uart_bridge_0_0' (2#1) [/home/stexo/Nextcloud/uni/Polimi/8_Semester/DESD/labs/DESD_LABS/Jstk2_SpaceShooter/Jstk2_SpaceShooter.gen/sources_1/bd/interface_bd/ip/interface_bd_jstk_uart_bridge_0_0/synth/interface_bd_jstk_uart_bridge_0_0.vhd:76]
---------------------------------------------------------------------------------
Finished RTL Elaboration : Time (s): cpu = 00:00:04 ; elapsed = 00:00:04 . Memory (MB): peak = 2290.578 ; gain = 0.000 ; free physical = 928 ; free virtual = 3534
---------------------------------------------------------------------------------
---------------------------------------------------------------------------------
Start Handling Custom Attributes
---------------------------------------------------------------------------------
---------------------------------------------------------------------------------
Finished Handling Custom Attributes : Time (s): cpu = 00:00:04 ; elapsed = 00:00:05 . Memory (MB): peak = 2290.578 ; gain = 0.000 ; free physical = 921 ; free virtual = 3534
---------------------------------------------------------------------------------
---------------------------------------------------------------------------------
Finished RTL Optimization Phase 1 : Time (s): cpu = 00:00:04 ; elapsed = 00:00:05 . Memory (MB): peak = 2290.578 ; gain = 0.000 ; free physical = 921 ; free virtual = 3534
---------------------------------------------------------------------------------
Netlist sorting complete. Time (s): cpu = 00:00:00 ; elapsed = 00:00:00 . Memory (MB): peak = 2290.578 ; gain = 0.000 ; free physical = 914 ; free virtual = 3527
INFO: [Project 1-570] Preparing netlist for logic optimization

Processing XDC Constraints
Initializing timing engine
Completed Processing XDC Constraints

Netlist sorting complete. Time (s): cpu = 00:00:00 ; elapsed = 00:00:00 . Memory (MB): peak = 2354.465 ; gain = 0.000 ; free physical = 756 ; free virtual = 3369
INFO: [Project 1-111] Unisim Transformation Summary:
No Unisim elements were transformed.

Constraint Validation Runtime : Time (s): cpu = 00:00:00.02 ; elapsed = 00:00:00.01 . Memory (MB): peak = 2354.465 ; gain = 0.000 ; free physical = 756 ; free virtual = 3369
---------------------------------------------------------------------------------
Finished Constraint Validation : Time (s): cpu = 00:00:08 ; elapsed = 00:00:10 . Memory (MB): peak = 2354.465 ; gain = 63.887 ; free physical = 886 ; free virtual = 3498
---------------------------------------------------------------------------------
---------------------------------------------------------------------------------
Start Loading Part and Timing Information
---------------------------------------------------------------------------------
Loading part: xc7a35tcpg236-1
---------------------------------------------------------------------------------
Finished Loading Part and Timing Information : Time (s): cpu = 00:00:08 ; elapsed = 00:00:10 . Memory (MB): peak = 2354.465 ; gain = 63.887 ; free physical = 885 ; free virtual = 3498
---------------------------------------------------------------------------------
---------------------------------------------------------------------------------
Start Applying 'set_property' XDC Constraints
---------------------------------------------------------------------------------
---------------------------------------------------------------------------------
Finished applying 'set_property' XDC Constraints : Time (s): cpu = 00:00:08 ; elapsed = 00:00:10 . Memory (MB): peak = 2354.465 ; gain = 63.887 ; free physical = 885 ; free virtual = 3498
---------------------------------------------------------------------------------
INFO: [Synth 8-802] inferred FSM for state register 'tx_state_reg' in module 'jstk_uart_bridge'
INFO: [Synth 8-802] inferred FSM for state register 'rx_state_reg' in module 'jstk_uart_bridge'
---------------------------------------------------------------------------------------------------
                   State |                     New Encoding |                Previous Encoding 
---------------------------------------------------------------------------------------------------
                   delay |                              000 |                              000
             send_header |                              001 |                              001
             send_jstk_x |                              010 |                              010
             send_jstk_y |                              011 |                              011
            send_buttons |                              100 |                              100
---------------------------------------------------------------------------------------------------
INFO: [Synth 8-3354] encoded FSM with state register 'tx_state_reg' using encoding 'sequential' in module 'jstk_uart_bridge'
---------------------------------------------------------------------------------------------------
                   State |                     New Encoding |                Previous Encoding 
---------------------------------------------------------------------------------------------------
                    idle |                              000 |                              000
              get_header |                              001 |                              001
               get_led_r |                              010 |                              010
               get_led_g |                              011 |                              011
               get_led_b |                              100 |                              100
---------------------------------------------------------------------------------------------------
INFO: [Synth 8-3354] encoded FSM with state register 'rx_state_reg' using encoding 'sequential' in module 'jstk_uart_bridge'
WARNING: [Synth 8-327] inferring latch for variable 'led_r_reg' [/home/stexo/Nextcloud/uni/Polimi/8_Semester/DESD/labs/DESD_LABS/Jstk2_SpaceShooter/Jstk2_SpaceShooter.srcs/sources_1/new/jstk_uart_bridge.vhd:175]
WARNING: [Synth 8-327] inferring latch for variable 'led_g_reg' [/home/stexo/Nextcloud/uni/Polimi/8_Semester/DESD/labs/DESD_LABS/Jstk2_SpaceShooter/Jstk2_SpaceShooter.srcs/sources_1/new/jstk_uart_bridge.vhd:176]
WARNING: [Synth 8-327] inferring latch for variable 'led_b_reg' [/home/stexo/Nextcloud/uni/Polimi/8_Semester/DESD/labs/DESD_LABS/Jstk2_SpaceShooter/Jstk2_SpaceShooter.srcs/sources_1/new/jstk_uart_bridge.vhd:177]
---------------------------------------------------------------------------------
Finished RTL Optimization Phase 2 : Time (s): cpu = 00:00:08 ; elapsed = 00:00:10 . Memory (MB): peak = 2354.465 ; gain = 63.887 ; free physical = 880 ; free virtual = 3493
---------------------------------------------------------------------------------
---------------------------------------------------------------------------------
Start RTL Component Statistics 
---------------------------------------------------------------------------------
Detailed RTL Component Info : 
+---Adders : 
	   2 Input   20 Bit       Adders := 1     
+---Registers : 
	               20 Bit    Registers := 1     
	                8 Bit    Registers := 4     
	                1 Bit    Registers := 1     
+---Muxes : 
	   2 Input   20 Bit        Muxes := 1     
	   5 Input    8 Bit        Muxes := 1     
	   5 Input    3 Bit        Muxes := 2     
	   2 Input    3 Bit        Muxes := 1     
	   2 Input    1 Bit        Muxes := 2     
	   5 Input    1 Bit        Muxes := 8     
---------------------------------------------------------------------------------
Finished RTL Component Statistics 
---------------------------------------------------------------------------------
---------------------------------------------------------------------------------
Start Part Resource Summary
---------------------------------------------------------------------------------
Part Resources:
DSPs: 90 (col length:60)
BRAMs: 100 (col length: RAMB18 60 RAMB36 30)
---------------------------------------------------------------------------------
Finished Part Resource Summary
---------------------------------------------------------------------------------
---------------------------------------------------------------------------------
Start Cross Boundary and Area Optimization
---------------------------------------------------------------------------------
---------------------------------------------------------------------------------
Finished Cross Boundary and Area Optimization : Time (s): cpu = 00:00:09 ; elapsed = 00:00:11 . Memory (MB): peak = 2354.465 ; gain = 63.887 ; free physical = 866 ; free virtual = 3483
---------------------------------------------------------------------------------
---------------------------------------------------------------------------------
Start Applying XDC Timing Constraints
---------------------------------------------------------------------------------
---------------------------------------------------------------------------------
Finished Applying XDC Timing Constraints : Time (s): cpu = 00:00:13 ; elapsed = 00:00:15 . Memory (MB): peak = 2354.465 ; gain = 63.887 ; free physical = 750 ; free virtual = 3367
---------------------------------------------------------------------------------
---------------------------------------------------------------------------------
Start Timing Optimization
---------------------------------------------------------------------------------
---------------------------------------------------------------------------------
Finished Timing Optimization : Time (s): cpu = 00:00:13 ; elapsed = 00:00:15 . Memory (MB): peak = 2354.465 ; gain = 63.887 ; free physical = 750 ; free virtual = 3367
---------------------------------------------------------------------------------
---------------------------------------------------------------------------------
Start Technology Mapping
---------------------------------------------------------------------------------
---------------------------------------------------------------------------------
Finished Technology Mapping : Time (s): cpu = 00:00:13 ; elapsed = 00:00:15 . Memory (MB): peak = 2354.465 ; gain = 63.887 ; free physical = 747 ; free virtual = 3363
---------------------------------------------------------------------------------
---------------------------------------------------------------------------------
Start IO Insertion
---------------------------------------------------------------------------------
---------------------------------------------------------------------------------
Start Flattening Before IO Insertion
---------------------------------------------------------------------------------
---------------------------------------------------------------------------------
Finished Flattening Before IO Insertion
---------------------------------------------------------------------------------
---------------------------------------------------------------------------------
Start Final Netlist Cleanup
---------------------------------------------------------------------------------
---------------------------------------------------------------------------------
Finished Final Netlist Cleanup
---------------------------------------------------------------------------------
---------------------------------------------------------------------------------
Finished IO Insertion : Time (s): cpu = 00:00:16 ; elapsed = 00:00:18 . Memory (MB): peak = 2354.465 ; gain = 63.887 ; free physical = 742 ; free virtual = 3359
---------------------------------------------------------------------------------
---------------------------------------------------------------------------------
Start Renaming Generated Instances
---------------------------------------------------------------------------------
---------------------------------------------------------------------------------
Finished Renaming Generated Instances : Time (s): cpu = 00:00:16 ; elapsed = 00:00:18 . Memory (MB): peak = 2354.465 ; gain = 63.887 ; free physical = 742 ; free virtual = 3359
---------------------------------------------------------------------------------
---------------------------------------------------------------------------------
Start Rebuilding User Hierarchy
---------------------------------------------------------------------------------
---------------------------------------------------------------------------------
Finished Rebuilding User Hierarchy : Time (s): cpu = 00:00:16 ; elapsed = 00:00:18 . Memory (MB): peak = 2354.465 ; gain = 63.887 ; free physical = 742 ; free virtual = 3359
---------------------------------------------------------------------------------
---------------------------------------------------------------------------------
Start Renaming Generated Ports
---------------------------------------------------------------------------------
---------------------------------------------------------------------------------
Finished Renaming Generated Ports : Time (s): cpu = 00:00:16 ; elapsed = 00:00:18 . Memory (MB): peak = 2354.465 ; gain = 63.887 ; free physical = 742 ; free virtual = 3359
---------------------------------------------------------------------------------
---------------------------------------------------------------------------------
Start Handling Custom Attributes
---------------------------------------------------------------------------------
---------------------------------------------------------------------------------
Finished Handling Custom Attributes : Time (s): cpu = 00:00:16 ; elapsed = 00:00:18 . Memory (MB): peak = 2354.465 ; gain = 63.887 ; free physical = 742 ; free virtual = 3359
---------------------------------------------------------------------------------
---------------------------------------------------------------------------------
Start Renaming Generated Nets
---------------------------------------------------------------------------------
---------------------------------------------------------------------------------
Finished Renaming Generated Nets : Time (s): cpu = 00:00:16 ; elapsed = 00:00:18 . Memory (MB): peak = 2354.465 ; gain = 63.887 ; free physical = 742 ; free virtual = 3359
---------------------------------------------------------------------------------
---------------------------------------------------------------------------------
Start Writing Synthesis Report
---------------------------------------------------------------------------------

Report BlackBoxes: 
+-+--------------+----------+
| |BlackBox name |Instances |
+-+--------------+----------+
+-+--------------+----------+

Report Cell Usage: 
+------+-------+------+
|      |Cell   |Count |
+------+-------+------+
|1     |CARRY4 |     5|
|2     |LUT2   |     1|
|3     |LUT3   |     3|
|4     |LUT4   |    10|
|5     |LUT5   |     9|
|6     |LUT6   |     9|
|7     |FDCE   |     1|
|8     |FDRE   |    58|
|9     |LD     |    24|
+------+-------+------+
---------------------------------------------------------------------------------
Finished Writing Synthesis Report : Time (s): cpu = 00:00:16 ; elapsed = 00:00:18 . Memory (MB): peak = 2354.465 ; gain = 63.887 ; free physical = 742 ; free virtual = 3359
---------------------------------------------------------------------------------
Synthesis finished with 0 errors, 0 critical warnings and 3 warnings.
Synthesis Optimization Runtime : Time (s): cpu = 00:00:15 ; elapsed = 00:00:16 . Memory (MB): peak = 2354.465 ; gain = 0.000 ; free physical = 788 ; free virtual = 3405
Synthesis Optimization Complete : Time (s): cpu = 00:00:16 ; elapsed = 00:00:18 . Memory (MB): peak = 2354.465 ; gain = 63.887 ; free physical = 788 ; free virtual = 3405
INFO: [Project 1-571] Translating synthesized netlist
Netlist sorting complete. Time (s): cpu = 00:00:00 ; elapsed = 00:00:00 . Memory (MB): peak = 2354.465 ; gain = 0.000 ; free physical = 897 ; free virtual = 3514
INFO: [Netlist 29-17] Analyzing 29 Unisim elements for replacement
INFO: [Netlist 29-28] Unisim Transformation completed in 0 CPU seconds
INFO: [Project 1-570] Preparing netlist for logic optimization
INFO: [Opt 31-138] Pushed 0 inverter(s) to 0 load pin(s).
Netlist sorting complete. Time (s): cpu = 00:00:00 ; elapsed = 00:00:00 . Memory (MB): peak = 2354.465 ; gain = 0.000 ; free physical = 839 ; free virtual = 3456
INFO: [Project 1-111] Unisim Transformation Summary:
  A total of 24 instances were transformed.
  LD => LDCE: 24 instances

INFO: [Common 17-83] Releasing license: Synthesis
26 Infos, 8 Warnings, 0 Critical Warnings and 0 Errors encountered.
synth_design completed successfully
synth_design: Time (s): cpu = 00:00:24 ; elapsed = 00:00:21 . Memory (MB): peak = 2354.465 ; gain = 64.031 ; free physical = 904 ; free virtual = 3521
INFO: [Common 17-1381] The checkpoint '/home/stexo/Nextcloud/uni/Polimi/8_Semester/DESD/labs/DESD_LABS/Jstk2_SpaceShooter/Jstk2_SpaceShooter.runs/interface_bd_jstk_uart_bridge_0_0_synth_1/interface_bd_jstk_uart_bridge_0_0.dcp' has been generated.
WARNING: [Common 17-576] 'use_project_ipc' is deprecated. This option is deprecated and no longer used.
INFO: [Common 17-1381] The checkpoint '/home/stexo/Nextcloud/uni/Polimi/8_Semester/DESD/labs/DESD_LABS/Jstk2_SpaceShooter/Jstk2_SpaceShooter.runs/interface_bd_jstk_uart_bridge_0_0_synth_1/interface_bd_jstk_uart_bridge_0_0.dcp' has been generated.
INFO: [runtcl-4] Executing : report_utilization -file interface_bd_jstk_uart_bridge_0_0_utilization_synth.rpt -pb interface_bd_jstk_uart_bridge_0_0_utilization_synth.pb
INFO: [Common 17-206] Exiting Vivado at Tue Apr 18 13:17:37 2023...
