
*** Running vivado
    with args -log BlockDesign_Debouncer_1_0.vds -m64 -product Vivado -mode batch -messageDb vivado.pb -notrace -source BlockDesign_Debouncer_1_0.tcl



****** Vivado v2020.2 (64-bit)
  **** SW Build 3064766 on Wed Nov 18 09:12:45 MST 2020
  **** IP Build 3064653 on Wed Nov 18 14:17:31 MST 2020
    ** Copyright 1986-2020 Xilinx, Inc. All Rights Reserved.

source BlockDesign_Debouncer_1_0.tcl -notrace
INFO: [IP_Flow 19-234] Refreshing IP repositories
WARNING: [IP_Flow 19-2248] Failed to load user IP repository 'c:/Users/daido/Desktop/Polimi/Anno 4/DESD/code/ipCoreVivado'; Can't find the specified path.
If this directory should no longer be in your list of user repositories, go to the IP Settings dialog and remove it.
INFO: [IP_Flow 19-1700] Loaded user IP repository 'c:/Users/daido/Desktop/Polimi/Anno 4/DESD/IP'.
INFO: [IP_Flow 19-2313] Loaded Vivado IP repository 'C:/Xilinx/Vivado/2020.2/data/ip'.
WARNING: [IP_Flow 19-4995] The host OS only allows 260 characters in a normal path. The IP cache path is more than 80 characters. If you experience issues with IP caching, please consider changing the IP cache to a location with a shorter path. Alternately consider using the OS subst command to map part of the path to a drive letter. 
Current IP cache path is c:/Users/daido/Desktop/Polimi/Anno 4/DESD/Git/KittCarPWM/AuDiOcOnSoLe/AuDiOcOnSoLe.cache/ip 
Command: synth_design -top BlockDesign_Debouncer_1_0 -part xc7a35tcpg236-1 -mode out_of_context
Starting synth_design
WARNING: [IP_Flow 19-3571] IP 'BlockDesign_Debouncer_1_0' is restricted:
* Module reference is stale and needs refreshing.
Attempting to get a license for feature 'Synthesis' and/or device 'xc7a35t'
INFO: [Common 17-349] Got license for feature 'Synthesis' and/or device 'xc7a35t'
INFO: [Device 21-403] Loading part xc7a35tcpg236-1
INFO: [Synth 8-7079] Multithreading enabled for synth_design using a maximum of 2 processes.
INFO: [Synth 8-7078] Launching helper process for spawning children vivado processes
INFO: [Synth 8-7075] Helper process launched with PID 28912
---------------------------------------------------------------------------------
Starting RTL Elaboration : Time (s): cpu = 00:00:06 ; elapsed = 00:00:09 . Memory (MB): peak = 1002.422 ; gain = 0.000
---------------------------------------------------------------------------------
INFO: [Synth 8-638] synthesizing module 'BlockDesign_Debouncer_1_0' [c:/Users/daido/Desktop/Polimi/Anno 4/DESD/Git/KittCarPWM/AuDiOcOnSoLe/AuDiOcOnSoLe.gen/sources_1/bd/BlockDesign/ip/BlockDesign_Debouncer_1_0/synth/BlockDesign_Debouncer_1_0.vhd:65]
	Parameter DEBOUNCE_MS bound to: 1 - type: integer 
	Parameter CLOCK_FREQ bound to: 100000000 - type: integer 
INFO: [Synth 8-3491] module 'Debouncer' declared at 'C:/Users/daido/Desktop/Polimi/Anno 4/DESD/Git/KittCarPWM/AuDiOcOnSoLe/AuDiOcOnSoLe.srcs/sources_1/new/Debouncer.vhd:6' bound to instance 'U0' of component 'Debouncer' [c:/Users/daido/Desktop/Polimi/Anno 4/DESD/Git/KittCarPWM/AuDiOcOnSoLe/AuDiOcOnSoLe.gen/sources_1/bd/BlockDesign/ip/BlockDesign_Debouncer_1_0/synth/BlockDesign_Debouncer_1_0.vhd:95]
INFO: [Synth 8-638] synthesizing module 'Debouncer' [C:/Users/daido/Desktop/Polimi/Anno 4/DESD/Git/KittCarPWM/AuDiOcOnSoLe/AuDiOcOnSoLe.srcs/sources_1/new/Debouncer.vhd:23]
	Parameter DEBOUNCE_MS bound to: 1 - type: integer 
	Parameter CLOCK_FREQ bound to: 100000000 - type: integer 
WARNING: [Synth 8-614] signal 'input_signal' is read in the process but is not in the sensitivity list [C:/Users/daido/Desktop/Polimi/Anno 4/DESD/Git/KittCarPWM/AuDiOcOnSoLe/AuDiOcOnSoLe.srcs/sources_1/new/Debouncer.vhd:36]
INFO: [Synth 8-256] done synthesizing module 'Debouncer' (1#1) [C:/Users/daido/Desktop/Polimi/Anno 4/DESD/Git/KittCarPWM/AuDiOcOnSoLe/AuDiOcOnSoLe.srcs/sources_1/new/Debouncer.vhd:23]
INFO: [Synth 8-256] done synthesizing module 'BlockDesign_Debouncer_1_0' (2#1) [c:/Users/daido/Desktop/Polimi/Anno 4/DESD/Git/KittCarPWM/AuDiOcOnSoLe/AuDiOcOnSoLe.gen/sources_1/bd/BlockDesign/ip/BlockDesign_Debouncer_1_0/synth/BlockDesign_Debouncer_1_0.vhd:65]
---------------------------------------------------------------------------------
Finished RTL Elaboration : Time (s): cpu = 00:00:08 ; elapsed = 00:00:12 . Memory (MB): peak = 1002.422 ; gain = 0.000
---------------------------------------------------------------------------------
---------------------------------------------------------------------------------
Start Handling Custom Attributes
---------------------------------------------------------------------------------
---------------------------------------------------------------------------------
Finished Handling Custom Attributes : Time (s): cpu = 00:00:08 ; elapsed = 00:00:13 . Memory (MB): peak = 1002.422 ; gain = 0.000
---------------------------------------------------------------------------------
---------------------------------------------------------------------------------
Finished RTL Optimization Phase 1 : Time (s): cpu = 00:00:08 ; elapsed = 00:00:13 . Memory (MB): peak = 1002.422 ; gain = 0.000
---------------------------------------------------------------------------------
Netlist sorting complete. Time (s): cpu = 00:00:00 ; elapsed = 00:00:00.001 . Memory (MB): peak = 1002.422 ; gain = 0.000
INFO: [Project 1-570] Preparing netlist for logic optimization

Processing XDC Constraints
Initializing timing engine
Completed Processing XDC Constraints

Netlist sorting complete. Time (s): cpu = 00:00:00 ; elapsed = 00:00:00 . Memory (MB): peak = 1002.422 ; gain = 0.000
INFO: [Project 1-111] Unisim Transformation Summary:
No Unisim elements were transformed.

Constraint Validation Runtime : Time (s): cpu = 00:00:00 ; elapsed = 00:00:00.031 . Memory (MB): peak = 1002.422 ; gain = 0.000
---------------------------------------------------------------------------------
Finished Constraint Validation : Time (s): cpu = 00:00:15 ; elapsed = 00:00:24 . Memory (MB): peak = 1002.422 ; gain = 0.000
---------------------------------------------------------------------------------
---------------------------------------------------------------------------------
Start Loading Part and Timing Information
---------------------------------------------------------------------------------
Loading part: xc7a35tcpg236-1
---------------------------------------------------------------------------------
Finished Loading Part and Timing Information : Time (s): cpu = 00:00:15 ; elapsed = 00:00:24 . Memory (MB): peak = 1002.422 ; gain = 0.000
---------------------------------------------------------------------------------
---------------------------------------------------------------------------------
Start Applying 'set_property' XDC Constraints
---------------------------------------------------------------------------------
---------------------------------------------------------------------------------
Finished applying 'set_property' XDC Constraints : Time (s): cpu = 00:00:15 ; elapsed = 00:00:24 . Memory (MB): peak = 1002.422 ; gain = 0.000
---------------------------------------------------------------------------------
---------------------------------------------------------------------------------
Finished RTL Optimization Phase 2 : Time (s): cpu = 00:00:15 ; elapsed = 00:00:24 . Memory (MB): peak = 1002.422 ; gain = 0.000
---------------------------------------------------------------------------------
---------------------------------------------------------------------------------
Start RTL Component Statistics 
---------------------------------------------------------------------------------
Detailed RTL Component Info : 
+---Adders : 
	   2 Input   17 Bit       Adders := 1     
+---Registers : 
	               17 Bit    Registers := 1     
	                1 Bit    Registers := 1     
+---Muxes : 
	   2 Input   17 Bit        Muxes := 1     
	   2 Input    1 Bit        Muxes := 2     
---------------------------------------------------------------------------------
Finished RTL Component Statistics 
---------------------------------------------------------------------------------
---------------------------------------------------------------------------------
Start Part Resource Summary
---------------------------------------------------------------------------------
Part Resources:
DSPs: 90 (col length:60)
BRAMs: 100 (col length: RAMB18 60 RAMB36 30)
---------------------------------------------------------------------------------
Finished Part Resource Summary
---------------------------------------------------------------------------------
---------------------------------------------------------------------------------
Start Cross Boundary and Area Optimization
---------------------------------------------------------------------------------
---------------------------------------------------------------------------------
Finished Cross Boundary and Area Optimization : Time (s): cpu = 00:00:16 ; elapsed = 00:00:26 . Memory (MB): peak = 1002.422 ; gain = 0.000
---------------------------------------------------------------------------------
---------------------------------------------------------------------------------
Start Applying XDC Timing Constraints
---------------------------------------------------------------------------------
---------------------------------------------------------------------------------
Finished Applying XDC Timing Constraints : Time (s): cpu = 00:00:22 ; elapsed = 00:00:35 . Memory (MB): peak = 1002.422 ; gain = 0.000
---------------------------------------------------------------------------------
---------------------------------------------------------------------------------
Start Timing Optimization
---------------------------------------------------------------------------------
---------------------------------------------------------------------------------
Finished Timing Optimization : Time (s): cpu = 00:00:22 ; elapsed = 00:00:35 . Memory (MB): peak = 1002.422 ; gain = 0.000
---------------------------------------------------------------------------------
---------------------------------------------------------------------------------
Start Technology Mapping
---------------------------------------------------------------------------------
---------------------------------------------------------------------------------
Finished Technology Mapping : Time (s): cpu = 00:00:22 ; elapsed = 00:00:35 . Memory (MB): peak = 1002.422 ; gain = 0.000
---------------------------------------------------------------------------------
---------------------------------------------------------------------------------
Start IO Insertion
---------------------------------------------------------------------------------
---------------------------------------------------------------------------------
Start Flattening Before IO Insertion
---------------------------------------------------------------------------------
---------------------------------------------------------------------------------
Finished Flattening Before IO Insertion
---------------------------------------------------------------------------------
---------------------------------------------------------------------------------
Start Final Netlist Cleanup
---------------------------------------------------------------------------------
---------------------------------------------------------------------------------
Finished Final Netlist Cleanup
---------------------------------------------------------------------------------
---------------------------------------------------------------------------------
Finished IO Insertion : Time (s): cpu = 00:00:28 ; elapsed = 00:00:44 . Memory (MB): peak = 1002.422 ; gain = 0.000
---------------------------------------------------------------------------------
---------------------------------------------------------------------------------
Start Renaming Generated Instances
---------------------------------------------------------------------------------
---------------------------------------------------------------------------------
Finished Renaming Generated Instances : Time (s): cpu = 00:00:28 ; elapsed = 00:00:44 . Memory (MB): peak = 1002.422 ; gain = 0.000
---------------------------------------------------------------------------------
---------------------------------------------------------------------------------
Start Rebuilding User Hierarchy
---------------------------------------------------------------------------------
---------------------------------------------------------------------------------
Finished Rebuilding User Hierarchy : Time (s): cpu = 00:00:28 ; elapsed = 00:00:44 . Memory (MB): peak = 1002.422 ; gain = 0.000
---------------------------------------------------------------------------------
---------------------------------------------------------------------------------
Start Renaming Generated Ports
---------------------------------------------------------------------------------
---------------------------------------------------------------------------------
Finished Renaming Generated Ports : Time (s): cpu = 00:00:28 ; elapsed = 00:00:44 . Memory (MB): peak = 1002.422 ; gain = 0.000
---------------------------------------------------------------------------------
---------------------------------------------------------------------------------
Start Handling Custom Attributes
---------------------------------------------------------------------------------
---------------------------------------------------------------------------------
Finished Handling Custom Attributes : Time (s): cpu = 00:00:28 ; elapsed = 00:00:44 . Memory (MB): peak = 1002.422 ; gain = 0.000
---------------------------------------------------------------------------------
---------------------------------------------------------------------------------
Start Renaming Generated Nets
---------------------------------------------------------------------------------
---------------------------------------------------------------------------------
Finished Renaming Generated Nets : Time (s): cpu = 00:00:28 ; elapsed = 00:00:44 . Memory (MB): peak = 1002.422 ; gain = 0.000
---------------------------------------------------------------------------------
---------------------------------------------------------------------------------
Start Writing Synthesis Report
---------------------------------------------------------------------------------

Report BlackBoxes: 
+-+--------------+----------+
| |BlackBox name |Instances |
+-+--------------+----------+
+-+--------------+----------+

Report Cell Usage: 
+------+-------+------+
|      |Cell   |Count |
+------+-------+------+
|1     |CARRY4 |     4|
|2     |LUT1   |    17|
|3     |LUT2   |    18|
|4     |LUT3   |     1|
|5     |LUT4   |     4|
|6     |LUT5   |     3|
|7     |FDCE   |    18|
|8     |FDPE   |     1|
|9     |LDC    |     1|
+------+-------+------+
---------------------------------------------------------------------------------
Finished Writing Synthesis Report : Time (s): cpu = 00:00:28 ; elapsed = 00:00:44 . Memory (MB): peak = 1002.422 ; gain = 0.000
---------------------------------------------------------------------------------
Synthesis finished with 0 errors, 0 critical warnings and 0 warnings.
Synthesis Optimization Runtime : Time (s): cpu = 00:00:18 ; elapsed = 00:00:41 . Memory (MB): peak = 1002.422 ; gain = 0.000
Synthesis Optimization Complete : Time (s): cpu = 00:00:28 ; elapsed = 00:00:45 . Memory (MB): peak = 1002.422 ; gain = 0.000
INFO: [Project 1-571] Translating synthesized netlist
Netlist sorting complete. Time (s): cpu = 00:00:00 ; elapsed = 00:00:00.001 . Memory (MB): peak = 1002.422 ; gain = 0.000
INFO: [Netlist 29-17] Analyzing 5 Unisim elements for replacement
INFO: [Netlist 29-28] Unisim Transformation completed in 0 CPU seconds
INFO: [Project 1-570] Preparing netlist for logic optimization
INFO: [Opt 31-138] Pushed 0 inverter(s) to 0 load pin(s).
Netlist sorting complete. Time (s): cpu = 00:00:00 ; elapsed = 00:00:00 . Memory (MB): peak = 1002.422 ; gain = 0.000
INFO: [Project 1-111] Unisim Transformation Summary:
  A total of 1 instances were transformed.
  LDC => LDCE: 1 instance 

INFO: [Common 17-83] Releasing license: Synthesis
22 Infos, 4 Warnings, 0 Critical Warnings and 0 Errors encountered.
synth_design completed successfully
synth_design: Time (s): cpu = 00:00:34 ; elapsed = 00:00:56 . Memory (MB): peak = 1002.422 ; gain = 0.000
INFO: [Common 17-1381] The checkpoint 'C:/Users/daido/Desktop/Polimi/Anno 4/DESD/Git/KittCarPWM/AuDiOcOnSoLe/AuDiOcOnSoLe.runs/BlockDesign_Debouncer_1_0_synth_1/BlockDesign_Debouncer_1_0.dcp' has been generated.
WARNING: [Common 17-576] 'use_project_ipc' is deprecated. This option is deprecated and no longer used.
INFO: [Common 17-1381] The checkpoint 'C:/Users/daido/Desktop/Polimi/Anno 4/DESD/Git/KittCarPWM/AuDiOcOnSoLe/AuDiOcOnSoLe.runs/BlockDesign_Debouncer_1_0_synth_1/BlockDesign_Debouncer_1_0.dcp' has been generated.
INFO: [runtcl-4] Executing : report_utilization -file BlockDesign_Debouncer_1_0_utilization_synth.rpt -pb BlockDesign_Debouncer_1_0_utilization_synth.pb
INFO: [Common 17-206] Exiting Vivado at Mon May 22 00:07:49 2023...
