#-----------------------------------------------------------
# Vivado v2020.2 (64-bit)
# SW Build 3064766 on Wed Nov 18 09:12:45 MST 2020
# IP Build 3064653 on Wed Nov 18 14:17:31 MST 2020
# Start of session at: Wed Apr 19 16:05:11 2023
# Process ID: 27368
# Current directory: C:/Users/daido/Desktop/Polimi/Anno 4/DESD/Git/KittCarPWM/Jstk2_SpaceShooter
# Command line: vivado.exe -gui_launcher_event rodinguilauncherevent8060 C:\Users\daido\Desktop\Polimi\Anno 4\DESD\Git\KittCarPWM\Jstk2_SpaceShooter\Jstk2_SpaceShooter.xpr
# Log file: C:/Users/daido/Desktop/Polimi/Anno 4/DESD/Git/KittCarPWM/Jstk2_SpaceShooter/vivado.log
# Journal file: C:/Users/daido/Desktop/Polimi/Anno 4/DESD/Git/KittCarPWM/Jstk2_SpaceShooter\vivado.jou
#-----------------------------------------------------------
start_gui
open_project {C:/Users/daido/Desktop/Polimi/Anno 4/DESD/Git/KittCarPWM/Jstk2_SpaceShooter/Jstk2_SpaceShooter.xpr}
INFO: [Project 1-313] Project file moved from '/home/stexo/Nextcloud/uni/Polimi/8_Semester/DESD/labs/DESD_LABS/Jstk2_SpaceShooter' since last save.
WARNING: [filemgmt 56-2] Board Part Repository Path: Could not find the directory 'C:/Users/.Xilinx/Vivado/2020.2/xhub/board_store/xilinx_board_store', nor could it be found using path 'C:/home/stexo/.Xilinx/Vivado/2020.2/xhub/board_store/xilinx_board_store'.
WARNING: [filemgmt 56-2] IP Repository Path: Could not find the directory 'C:/Users/daido/Desktop/Polimi/Anno 4/DESD/code/ipCoreVivado', nor could it be found using path 'C:/home/stexo/Nextcloud/uni/Polimi/8_Semester/DESD/code/ipCoreVivado'.
Scanning sources...
Finished scanning sources
INFO: [IP_Flow 19-234] Refreshing IP repositories
WARNING: [IP_Flow 19-2248] Failed to load user IP repository 'c:/Users/daido/Desktop/Polimi/Anno 4/DESD/code/ipCoreVivado'; Can't find the specified path.
If this directory should no longer be in your list of user repositories, go to the IP Settings dialog and remove it.
INFO: [IP_Flow 19-2313] Loaded Vivado IP repository 'C:/Xilinx/Vivado/2020.2/data/ip'.
WARNING: [BD 41-1661] One or more IPs have been locked in the design 'interface_bd.bd'. Please run report_ip_status for more details and recommendations on how to fix this issue.
List of locked IPs:
interface_bd_AXI4Stream_UART_0_0
interface_bd_axi4stream_spi_master_0_0

open_project: Time (s): cpu = 00:00:05 ; elapsed = 00:00:07 . Memory (MB): peak = 1004.957 ; gain = 0.000
update_compile_order -fileset sources_1
update_module_reference interface_bd_jstk_uart_bridge_0_0
INFO: [IP_Flow 19-5107] Inferred bus interface 'm_axis' of definition 'xilinx.com:interface:axis:1.0' (from Xilinx Repository).
INFO: [IP_Flow 19-5107] Inferred bus interface 's_axis' of definition 'xilinx.com:interface:axis:1.0' (from Xilinx Repository).
INFO: [IP_Flow 19-5107] Inferred bus interface 'aresetn' of definition 'xilinx.com:signal:reset:1.0' (from Xilinx Repository).
INFO: [IP_Flow 19-5107] Inferred bus interface 'aclk' of definition 'xilinx.com:signal:clock:1.0' (from Xilinx Repository).
INFO: [IP_Flow 19-4728] Bus Interface 'aresetn': Added interface parameter 'POLARITY' with value 'ACTIVE_LOW'.
INFO: [IP_Flow 19-4728] Bus Interface 'aclk': Added interface parameter 'ASSOCIATED_BUSIF' with value 'm_axis'.
INFO: [IP_Flow 19-4728] Bus Interface 'aclk': Added interface parameter 'ASSOCIATED_RESET' with value 'aresetn'.
INFO: [IP_Flow 19-234] Refreshing IP repositories
WARNING: [IP_Flow 19-2248] Failed to load user IP repository 'c:/Users/daido/Desktop/Polimi/Anno 4/DESD/code/ipCoreVivado'; Can't find the specified path.
If this directory should no longer be in your list of user repositories, go to the IP Settings dialog and remove it.
Reading block design file <C:/Users/daido/Desktop/Polimi/Anno 4/DESD/Git/KittCarPWM/Jstk2_SpaceShooter/Jstk2_SpaceShooter.srcs/sources_1/bd/interface_bd/interface_bd.bd>...
Adding component instance block -- xilinx.com:ip:clk_wiz:6.0 - clk_wiz_0
Adding component instance block -- xilinx.com:ip:proc_sys_reset:5.0 - proc_sys_reset_0
Adding component instance block -- DigiLAB:ip:AXI4Stream_UART:1.1 - AXI4Stream_UART_0
Adding component instance block -- DigiLAB:ip:axi4stream_spi_master:1.0 - axi4stream_spi_master_0
Adding component instance block -- xilinx.com:module_ref:jstk_uart_bridge:1.0 - jstk_uart_bridge_0
Adding component instance block -- xilinx.com:module_ref:digilent_jstk2:1.0 - digilent_jstk2_0
Successfully read diagram <interface_bd> from block design file <C:/Users/daido/Desktop/Polimi/Anno 4/DESD/Git/KittCarPWM/Jstk2_SpaceShooter/Jstk2_SpaceShooter.srcs/sources_1/bd/interface_bd/interface_bd.bd>
Upgrading 'C:/Users/daido/Desktop/Polimi/Anno 4/DESD/Git/KittCarPWM/Jstk2_SpaceShooter/Jstk2_SpaceShooter.srcs/sources_1/bd/interface_bd/interface_bd.bd'
INFO: [IP_Flow 19-1972] Upgraded interface_bd_jstk_uart_bridge_0_0 from jstk_uart_bridge_v1_0 1.0 to jstk_uart_bridge_v1_0 1.0
Wrote  : <C:\Users\daido\Desktop\Polimi\Anno 4\DESD\Git\KittCarPWM\Jstk2_SpaceShooter\Jstk2_SpaceShooter.srcs\sources_1\bd\interface_bd\interface_bd.bd> 
Wrote  : <C:/Users/daido/Desktop/Polimi/Anno 4/DESD/Git/KittCarPWM/Jstk2_SpaceShooter/Jstk2_SpaceShooter.srcs/sources_1/bd/interface_bd/ui/bd_ea47e9e8.ui> 
upgrade_ip: Time (s): cpu = 00:00:09 ; elapsed = 00:00:12 . Memory (MB): peak = 1004.957 ; gain = 0.000
update_module_reference: Time (s): cpu = 00:00:09 ; elapsed = 00:00:12 . Memory (MB): peak = 1004.957 ; gain = 0.000
update_module_reference interface_bd_digilent_jstk2_0_0
INFO: [IP_Flow 19-5107] Inferred bus interface 'm_axis' of definition 'xilinx.com:interface:axis:1.0' (from Xilinx Repository).
INFO: [IP_Flow 19-5107] Inferred bus interface 's_axis' of definition 'xilinx.com:interface:axis:1.0' (from Xilinx Repository).
INFO: [IP_Flow 19-5107] Inferred bus interface 'aresetn' of definition 'xilinx.com:signal:reset:1.0' (from Xilinx Repository).
INFO: [IP_Flow 19-5107] Inferred bus interface 'aclk' of definition 'xilinx.com:signal:clock:1.0' (from Xilinx Repository).
INFO: [IP_Flow 19-4728] Bus Interface 'aresetn': Added interface parameter 'POLARITY' with value 'ACTIVE_LOW'.
INFO: [IP_Flow 19-4728] Bus Interface 'aclk': Added interface parameter 'ASSOCIATED_BUSIF' with value 'm_axis'.
INFO: [IP_Flow 19-4728] Bus Interface 'aclk': Added interface parameter 'ASSOCIATED_RESET' with value 'aresetn'.
INFO: [IP_Flow 19-234] Refreshing IP repositories
WARNING: [IP_Flow 19-2248] Failed to load user IP repository 'c:/Users/daido/Desktop/Polimi/Anno 4/DESD/code/ipCoreVivado'; Can't find the specified path.
If this directory should no longer be in your list of user repositories, go to the IP Settings dialog and remove it.
