#-----------------------------------------------------------
# Vivado v2020.2 (64-bit)
# SW Build 3064766 on Wed Nov 18 09:12:45 MST 2020
# IP Build 3064653 on Wed Nov 18 14:17:31 MST 2020
# Start of session at: Mon Mar 20 15:22:18 2023
# Process ID: 23028
# Current directory: C:/Users/daido/Desktop/Polimi/Anno 4/DESD/LAB1/KittCarPWM
# Command line: vivado.exe -gui_launcher_event rodinguilauncherevent43488 C:\Users\daido\Desktop\Polimi\Anno 4\DESD\LAB1\KittCarPWM\KittCarPWM.xpr
# Log file: C:/Users/daido/Desktop/Polimi/Anno 4/DESD/LAB1/KittCarPWM/vivado.log
# Journal file: C:/Users/daido/Desktop/Polimi/Anno 4/DESD/LAB1/KittCarPWM\vivado.jou
#-----------------------------------------------------------
start_gui
open_project {C:/Users/daido/Desktop/Polimi/Anno 4/DESD/LAB1/KittCarPWM/KittCarPWM.xpr}
WARNING: [filemgmt 56-3] Default IP Output Path : Could not find the directory 'C:/Users/daido/Desktop/Polimi/Anno 4/DESD/LAB1/KittCarPWM/KittCarPWM.gen/sources_1'.
Scanning sources...
Finished scanning sources
INFO: [IP_Flow 19-234] Refreshing IP repositories
INFO: [IP_Flow 19-1704] No user IP repositories specified
INFO: [IP_Flow 19-2313] Loaded Vivado IP repository 'C:/Xilinx/Vivado/2020.2/data/ip'.
update_compile_order -fileset sources_1
file mkdir C:/Users/daido/Desktop/Polimi/Anno 4/DESD/LAB1/KittCarPWM/KittCarPWM.srcs/sources_1/new
can't create directory "C:/Users/daido/Desktop/Polimi/Anno": file already exists
file mkdir C:/Users/daido/Desktop/Polimi/Anno 4/DESD/LAB1/KittCarPWM/KittCarPWM.srcs/sources_1/new
can't create directory "C:/Users/daido/Desktop/Polimi/Anno": file already exists
file mkdir C:/Users/daido/Desktop/Polimi/Anno 4/DESD/LAB1/KittCarPWM/KittCarPWM.srcs/sources_1/new
can't create directory "C:/Users/daido/Desktop/Polimi/Anno": file already exists
file mkdir C:/Users/daido/Desktop/Polimi/Anno 4/DESD/LAB1/KittCarPWM/KittCarPWM.srcs/sources_1/new
can't create directory "C:/Users/daido/Desktop/Polimi/Anno": file already exists
file mkdir C:/Users/daido/Desktop/Polimi/Anno 4/DESD/LAB1/KittCarPWM/KittCarPWM.srcs/sources_1/new
can't create directory "C:/Users/daido/Desktop/Polimi/Anno": file already exists
file mkdir C:/Users/daido/Desktop/Polimi/Anno 4/DESD/LAB1/KittCarPWM/KittCarPWM.srcs/sources_1/new
can't create directory "C:/Users/daido/Desktop/Polimi/Anno": file already exists
file mkdir {C:/Users/daido/Desktop/Polimi/Anno 4/DESD/LAB1/KittCarPWM/KittCarPWM.srcs/sources_1/new}
close [ open {C:/Users/daido/Desktop/Polimi/Anno 4/DESD/LAB1/KittCarPWM/KittCarPWM.srcs/sources_1/new/PWM_module.vhd} w ]
add_files {{C:/Users/daido/Desktop/Polimi/Anno 4/DESD/LAB1/KittCarPWM/KittCarPWM.srcs/sources_1/new/PWM_module.vhd}}
update_compile_order -fileset sources_1
exit
INFO: [Common 17-206] Exiting Vivado at Mon Mar 20 18:43:29 2023...
