#-----------------------------------------------------------
# Vivado v2020.2 (64-bit)
# SW Build 3064766 on Wed Nov 18 09:12:45 MST 2020
# IP Build 3064653 on Wed Nov 18 14:17:31 MST 2020
# Start of session at: Tue Mar 21 15:57:54 2023
# Process ID: 20712
# Current directory: C:/Users/daido/Desktop/Polimi/Anno 4/DESD/KittCarPWM/KittCarPWM
# Command line: vivado.exe -gui_launcher_event rodinguilauncherevent48252 C:\Users\daido\Desktop\Polimi\Anno 4\DESD\KittCarPWM\KittCarPWM\KittCarPWM.xpr
# Log file: C:/Users/daido/Desktop/Polimi/Anno 4/DESD/KittCarPWM/KittCarPWM/vivado.log
# Journal file: C:/Users/daido/Desktop/Polimi/Anno 4/DESD/KittCarPWM/KittCarPWM\vivado.jou
#-----------------------------------------------------------
start_gui
open_project {C:/Users/daido/Desktop/Polimi/Anno 4/DESD/KittCarPWM/KittCarPWM/KittCarPWM.xpr}
INFO: [Project 1-313] Project file moved from 'C:/Users/daido/Desktop/Polimi/Anno 4/DESD/LAB1/KittCarPWM' since last save.
WARNING: [filemgmt 56-2] Default IP Output Path : Could not find the directory 'C:/Users/daido/Desktop/Polimi/Anno 4/DESD/KittCarPWM/KittCarPWM/KittCarPWM.gen/sources_1', nor could it be found using path 'C:/Users/daido/Desktop/Polimi/Anno 4/DESD/LAB1/KittCarPWM/KittCarPWM.gen/sources_1'.
Scanning sources...
Finished scanning sources
INFO: [IP_Flow 19-234] Refreshing IP repositories
INFO: [IP_Flow 19-1704] No user IP repositories specified
INFO: [IP_Flow 19-2313] Loaded Vivado IP repository 'C:/Xilinx/Vivado/2020.2/data/ip'.
update_compile_order -fileset sources_1
