Copyright 1986-2020 Xilinx, Inc. All Rights Reserved.
---------------------------------------------------------------------------------------
| Tool Version : Vivado v.2020.2 (win64) Build 3064766 Wed Nov 18 09:12:45 MST 2020
| Date         : Fri Mar 24 00:24:56 2023
| Host         : DESKTOP-JKUPK39 running 64-bit major release  (build 9200)
| Command      : report_control_sets -verbose -file KittCarPWM_control_sets_placed.rpt
| Design       : KittCarPWM
| Device       : xc7a35t
---------------------------------------------------------------------------------------

Control Set Information

Table of Contents
-----------------
1. Summary
2. Histogram
3. Flip-Flop Distribution
4. Detailed Control Set Information

1. Summary
----------

+----------------------------------------------------------+-------+
|                          Status                          | Count |
+----------------------------------------------------------+-------+
| Total control sets                                       |     7 |
|    Minimum number of control sets                        |     7 |
|    Addition due to synthesis replication                 |     0 |
|    Addition due to physical synthesis replication        |     0 |
| Unused register locations in slices containing registers |    13 |
+----------------------------------------------------------+-------+
* Control sets can be merged at opt_design using control_set_merge or merge_equivalent_drivers
** Run report_qor_suggestions for automated merging and remapping suggestions


2. Histogram
------------

+--------------------+-------+
|       Fanout       | Count |
+--------------------+-------+
| Total control sets |     7 |
| >= 0 to < 4        |     0 |
| >= 4 to < 6        |     1 |
| >= 6 to < 8        |     0 |
| >= 8 to < 10       |     0 |
| >= 10 to < 12      |     0 |
| >= 12 to < 14      |     0 |
| >= 14 to < 16      |     1 |
| >= 16              |     5 |
+--------------------+-------+
* Control sets can be remapped at either synth_design or opt_design


3. Flip-Flop Distribution
-------------------------

+--------------+-----------------------+------------------------+-----------------+--------------+
| Clock Enable | Synchronous Set/Reset | Asynchronous Set/Reset | Total Registers | Total Slices |
+--------------+-----------------------+------------------------+-----------------+--------------+
| No           | No                    | No                     |              39 |           17 |
| No           | No                    | Yes                    |               0 |            0 |
| No           | Yes                   | No                     |              48 |           18 |
| Yes          | No                    | No                     |               4 |            2 |
| Yes          | No                    | Yes                    |               0 |            0 |
| Yes          | Yes                   | No                     |              32 |            7 |
+--------------+-----------------------+------------------------+-----------------+--------------+


4. Detailed Control Set Information
-----------------------------------

+----------------+------------------------+-------------------------+------------------+----------------+--------------+
|  Clock Signal  |      Enable Signal     |     Set/Reset Signal    | Slice Load Count | Bel Load Count | Bels / Slice |
+----------------+------------------------+-------------------------+------------------+----------------+--------------+
|  clk_IBUF_BUFG | pwm_map[3]             |                         |                2 |              4 |         2.00 |
|  clk_IBUF_BUFG |                        | inst1/clear             |                4 |             14 |         3.50 |
|  clk_IBUF_BUFG |                        | leds_reg[15]_i_1_n_0    |                8 |             16 |         2.00 |
|  clk_IBUF_BUFG | counter_ms[15]_i_2_n_0 | counter_ms              |                3 |             16 |         5.33 |
|  clk_IBUF_BUFG | pwm_map[3]             | pwm_map[0][0]_i_1_n_0   |                4 |             16 |         4.00 |
|  clk_IBUF_BUFG |                        | counter_clk[17]_i_1_n_0 |                6 |             18 |         3.00 |
|  clk_IBUF_BUFG |                        |                         |               17 |             39 |         2.29 |
+----------------+------------------------+-------------------------+------------------+----------------+--------------+


