
*** Running vivado
    with args -log interface_bd_digilent_jstk2_0_0.vds -m64 -product Vivado -mode batch -messageDb vivado.pb -notrace -source interface_bd_digilent_jstk2_0_0.tcl


****** Vivado v2020.2 (64-bit)
  **** SW Build 3064766 on Wed Nov 18 09:12:47 MST 2020
  **** IP Build 3064653 on Wed Nov 18 14:17:31 MST 2020
    ** Copyright 1986-2020 Xilinx, Inc. All Rights Reserved.

source interface_bd_digilent_jstk2_0_0.tcl -notrace
INFO: [IP_Flow 19-234] Refreshing IP repositories
INFO: [IP_Flow 19-1700] Loaded user IP repository '/home/stexo/Nextcloud/uni/Polimi/8_Semester/DESD/code/ipCoreVivado'.
INFO: [IP_Flow 19-2313] Loaded Vivado IP repository '/opt/Xilinx/Vivado/2020.2/data/ip'.
Command: synth_design -top interface_bd_digilent_jstk2_0_0 -part xc7a35tcpg236-1 -mode out_of_context
Starting synth_design
WARNING: [IP_Flow 19-3571] IP 'interface_bd_digilent_jstk2_0_0' is restricted:
* Module reference is stale and needs refreshing.
Attempting to get a license for feature 'Synthesis' and/or device 'xc7a35t'
INFO: [Common 17-349] Got license for feature 'Synthesis' and/or device 'xc7a35t'
INFO: [Device 21-403] Loading part xc7a35tcpg236-1
INFO: [Synth 8-7079] Multithreading enabled for synth_design using a maximum of 4 processes.
INFO: [Synth 8-7078] Launching helper process for spawning children vivado processes
INFO: [Synth 8-7075] Helper process launched with PID 68981
---------------------------------------------------------------------------------
Starting RTL Elaboration : Time (s): cpu = 00:00:04 ; elapsed = 00:00:06 . Memory (MB): peak = 2297.516 ; gain = 0.000 ; free physical = 120 ; free virtual = 1428
---------------------------------------------------------------------------------
INFO: [Synth 8-638] synthesizing module 'interface_bd_digilent_jstk2_0_0' [/home/stexo/Nextcloud/uni/Polimi/8_Semester/DESD/labs/DESD_LABS/Jstk2_SpaceShooter/Jstk2_SpaceShooter.gen/sources_1/bd/interface_bd/ip/interface_bd_digilent_jstk2_0_0/synth/interface_bd_digilent_jstk2_0_0.vhd:75]
	Parameter DELAY_US bound to: 25 - type: integer 
	Parameter CLKFREQ bound to: 100000000 - type: integer 
	Parameter SPI_SCLKFREQ bound to: 5000 - type: integer 
INFO: [Synth 8-3491] module 'digilent_jstk2' declared at '/home/stexo/Nextcloud/uni/Polimi/8_Semester/DESD/labs/DESD_LABS/Jstk2_SpaceShooter/Jstk2_SpaceShooter.srcs/sources_1/new/digilent_jstk2.vhd:4' bound to instance 'U0' of component 'digilent_jstk2' [/home/stexo/Nextcloud/uni/Polimi/8_Semester/DESD/labs/DESD_LABS/Jstk2_SpaceShooter/Jstk2_SpaceShooter.gen/sources_1/bd/interface_bd/ip/interface_bd_digilent_jstk2_0_0/synth/interface_bd_digilent_jstk2_0_0.vhd:123]
INFO: [Synth 8-638] synthesizing module 'digilent_jstk2' [/home/stexo/Nextcloud/uni/Polimi/8_Semester/DESD/labs/DESD_LABS/Jstk2_SpaceShooter/Jstk2_SpaceShooter.srcs/sources_1/new/digilent_jstk2.vhd:39]
	Parameter DELAY_US bound to: 25 - type: integer 
	Parameter CLKFREQ bound to: 100000000 - type: integer 
	Parameter SPI_SCLKFREQ bound to: 5000 - type: integer 
INFO: [Synth 8-256] done synthesizing module 'digilent_jstk2' (1#1) [/home/stexo/Nextcloud/uni/Polimi/8_Semester/DESD/labs/DESD_LABS/Jstk2_SpaceShooter/Jstk2_SpaceShooter.srcs/sources_1/new/digilent_jstk2.vhd:39]
INFO: [Synth 8-256] done synthesizing module 'interface_bd_digilent_jstk2_0_0' (2#1) [/home/stexo/Nextcloud/uni/Polimi/8_Semester/DESD/labs/DESD_LABS/Jstk2_SpaceShooter/Jstk2_SpaceShooter.gen/sources_1/bd/interface_bd/ip/interface_bd_digilent_jstk2_0_0/synth/interface_bd_digilent_jstk2_0_0.vhd:75]
---------------------------------------------------------------------------------
Finished RTL Elaboration : Time (s): cpu = 00:00:06 ; elapsed = 00:00:07 . Memory (MB): peak = 2297.516 ; gain = 0.000 ; free physical = 701 ; free virtual = 1860
---------------------------------------------------------------------------------
---------------------------------------------------------------------------------
Start Handling Custom Attributes
---------------------------------------------------------------------------------
---------------------------------------------------------------------------------
Finished Handling Custom Attributes : Time (s): cpu = 00:00:06 ; elapsed = 00:00:08 . Memory (MB): peak = 2297.516 ; gain = 0.000 ; free physical = 841 ; free virtual = 2065
---------------------------------------------------------------------------------
---------------------------------------------------------------------------------
Finished RTL Optimization Phase 1 : Time (s): cpu = 00:00:06 ; elapsed = 00:00:08 . Memory (MB): peak = 2297.516 ; gain = 0.000 ; free physical = 841 ; free virtual = 2065
---------------------------------------------------------------------------------
Netlist sorting complete. Time (s): cpu = 00:00:00.01 ; elapsed = 00:00:00.01 . Memory (MB): peak = 2297.516 ; gain = 0.000 ; free physical = 846 ; free virtual = 2077
INFO: [Project 1-570] Preparing netlist for logic optimization

Processing XDC Constraints
Initializing timing engine
Completed Processing XDC Constraints

Netlist sorting complete. Time (s): cpu = 00:00:00 ; elapsed = 00:00:00 . Memory (MB): peak = 2361.402 ; gain = 0.000 ; free physical = 759 ; free virtual = 2022
INFO: [Project 1-111] Unisim Transformation Summary:
No Unisim elements were transformed.

Constraint Validation Runtime : Time (s): cpu = 00:00:00.04 ; elapsed = 00:00:00.06 . Memory (MB): peak = 2361.402 ; gain = 0.000 ; free physical = 748 ; free virtual = 2022
---------------------------------------------------------------------------------
Finished Constraint Validation : Time (s): cpu = 00:00:11 ; elapsed = 00:00:13 . Memory (MB): peak = 2361.402 ; gain = 63.887 ; free physical = 797 ; free virtual = 2080
---------------------------------------------------------------------------------
---------------------------------------------------------------------------------
Start Loading Part and Timing Information
---------------------------------------------------------------------------------
Loading part: xc7a35tcpg236-1
---------------------------------------------------------------------------------
Finished Loading Part and Timing Information : Time (s): cpu = 00:00:11 ; elapsed = 00:00:13 . Memory (MB): peak = 2361.402 ; gain = 63.887 ; free physical = 797 ; free virtual = 2080
---------------------------------------------------------------------------------
---------------------------------------------------------------------------------
Start Applying 'set_property' XDC Constraints
---------------------------------------------------------------------------------
---------------------------------------------------------------------------------
Finished applying 'set_property' XDC Constraints : Time (s): cpu = 00:00:11 ; elapsed = 00:00:13 . Memory (MB): peak = 2361.402 ; gain = 63.887 ; free physical = 797 ; free virtual = 2080
---------------------------------------------------------------------------------
INFO: [Synth 8-802] inferred FSM for state register 'state_cmd_reg' in module 'digilent_jstk2'
INFO: [Synth 8-802] inferred FSM for state register 'state_sts_reg' in module 'digilent_jstk2'
---------------------------------------------------------------------------------------------------
                   State |                     New Encoding |                Previous Encoding 
---------------------------------------------------------------------------------------------------
              wait_delay |                           000001 |                              000
                send_cmd |                           000010 |                              001
                send_red |                           000100 |                              010
              send_green |                           001000 |                              011
               send_blue |                           010000 |                              100
              send_dummy |                           100000 |                              101
---------------------------------------------------------------------------------------------------
INFO: [Synth 8-3354] encoded FSM with state register 'state_cmd_reg' using encoding 'one-hot' in module 'digilent_jstk2'
---------------------------------------------------------------------------------------------------
                   State |                     New Encoding |                Previous Encoding 
---------------------------------------------------------------------------------------------------
               get_x_lsb |                              000 |                              000
               get_x_msb |                              001 |                              001
               get_y_lsb |                              010 |                              010
               get_y_msb |                              011 |                              011
             get_buttons |                              100 |                              100
---------------------------------------------------------------------------------------------------
INFO: [Synth 8-3354] encoded FSM with state register 'state_sts_reg' using encoding 'sequential' in module 'digilent_jstk2'
---------------------------------------------------------------------------------
Finished RTL Optimization Phase 2 : Time (s): cpu = 00:00:11 ; elapsed = 00:00:13 . Memory (MB): peak = 2361.402 ; gain = 63.887 ; free physical = 790 ; free virtual = 2074
---------------------------------------------------------------------------------
---------------------------------------------------------------------------------
Start RTL Component Statistics 
---------------------------------------------------------------------------------
Detailed RTL Component Info : 
+---Adders : 
	   2 Input   15 Bit       Adders := 1     
+---Registers : 
	               15 Bit    Registers := 1     
	               10 Bit    Registers := 4     
	                8 Bit    Registers := 1     
	                1 Bit    Registers := 5     
+---Muxes : 
	   5 Input   10 Bit        Muxes := 4     
	   2 Input   10 Bit        Muxes := 2     
	   6 Input    8 Bit        Muxes := 1     
	   6 Input    6 Bit        Muxes := 1     
	   2 Input    6 Bit        Muxes := 1     
	   5 Input    3 Bit        Muxes := 1     
	   2 Input    1 Bit        Muxes := 2     
	   6 Input    1 Bit        Muxes := 2     
	   5 Input    1 Bit        Muxes := 1     
---------------------------------------------------------------------------------
Finished RTL Component Statistics 
---------------------------------------------------------------------------------
---------------------------------------------------------------------------------
Start Part Resource Summary
---------------------------------------------------------------------------------
Part Resources:
DSPs: 90 (col length:60)
BRAMs: 100 (col length: RAMB18 60 RAMB36 30)
---------------------------------------------------------------------------------
Finished Part Resource Summary
---------------------------------------------------------------------------------
---------------------------------------------------------------------------------
Start Cross Boundary and Area Optimization
---------------------------------------------------------------------------------
---------------------------------------------------------------------------------
Finished Cross Boundary and Area Optimization : Time (s): cpu = 00:00:12 ; elapsed = 00:00:14 . Memory (MB): peak = 2361.402 ; gain = 63.887 ; free physical = 770 ; free virtual = 2067
---------------------------------------------------------------------------------
---------------------------------------------------------------------------------
Start Applying XDC Timing Constraints
---------------------------------------------------------------------------------
---------------------------------------------------------------------------------
Finished Applying XDC Timing Constraints : Time (s): cpu = 00:00:16 ; elapsed = 00:00:19 . Memory (MB): peak = 2361.402 ; gain = 63.887 ; free physical = 635 ; free virtual = 1947
---------------------------------------------------------------------------------
---------------------------------------------------------------------------------
Start Timing Optimization
---------------------------------------------------------------------------------
---------------------------------------------------------------------------------
Finished Timing Optimization : Time (s): cpu = 00:00:16 ; elapsed = 00:00:19 . Memory (MB): peak = 2361.402 ; gain = 63.887 ; free physical = 634 ; free virtual = 1947
---------------------------------------------------------------------------------
---------------------------------------------------------------------------------
Start Technology Mapping
---------------------------------------------------------------------------------
---------------------------------------------------------------------------------
Finished Technology Mapping : Time (s): cpu = 00:00:16 ; elapsed = 00:00:19 . Memory (MB): peak = 2361.402 ; gain = 63.887 ; free physical = 633 ; free virtual = 1946
---------------------------------------------------------------------------------
---------------------------------------------------------------------------------
Start IO Insertion
---------------------------------------------------------------------------------
---------------------------------------------------------------------------------
Start Flattening Before IO Insertion
---------------------------------------------------------------------------------
---------------------------------------------------------------------------------
Finished Flattening Before IO Insertion
---------------------------------------------------------------------------------
---------------------------------------------------------------------------------
Start Final Netlist Cleanup
---------------------------------------------------------------------------------
---------------------------------------------------------------------------------
Finished Final Netlist Cleanup
---------------------------------------------------------------------------------
---------------------------------------------------------------------------------
Finished IO Insertion : Time (s): cpu = 00:00:19 ; elapsed = 00:00:21 . Memory (MB): peak = 2361.402 ; gain = 63.887 ; free physical = 637 ; free virtual = 1951
---------------------------------------------------------------------------------
---------------------------------------------------------------------------------
Start Renaming Generated Instances
---------------------------------------------------------------------------------
---------------------------------------------------------------------------------
Finished Renaming Generated Instances : Time (s): cpu = 00:00:19 ; elapsed = 00:00:21 . Memory (MB): peak = 2361.402 ; gain = 63.887 ; free physical = 637 ; free virtual = 1951
---------------------------------------------------------------------------------
---------------------------------------------------------------------------------
Start Rebuilding User Hierarchy
---------------------------------------------------------------------------------
---------------------------------------------------------------------------------
Finished Rebuilding User Hierarchy : Time (s): cpu = 00:00:19 ; elapsed = 00:00:21 . Memory (MB): peak = 2361.402 ; gain = 63.887 ; free physical = 637 ; free virtual = 1951
---------------------------------------------------------------------------------
---------------------------------------------------------------------------------
Start Renaming Generated Ports
---------------------------------------------------------------------------------
---------------------------------------------------------------------------------
Finished Renaming Generated Ports : Time (s): cpu = 00:00:19 ; elapsed = 00:00:21 . Memory (MB): peak = 2361.402 ; gain = 63.887 ; free physical = 637 ; free virtual = 1951
---------------------------------------------------------------------------------
---------------------------------------------------------------------------------
Start Handling Custom Attributes
---------------------------------------------------------------------------------
---------------------------------------------------------------------------------
Finished Handling Custom Attributes : Time (s): cpu = 00:00:19 ; elapsed = 00:00:21 . Memory (MB): peak = 2361.402 ; gain = 63.887 ; free physical = 637 ; free virtual = 1951
---------------------------------------------------------------------------------
---------------------------------------------------------------------------------
Start Renaming Generated Nets
---------------------------------------------------------------------------------
---------------------------------------------------------------------------------
Finished Renaming Generated Nets : Time (s): cpu = 00:00:19 ; elapsed = 00:00:21 . Memory (MB): peak = 2361.402 ; gain = 63.887 ; free physical = 637 ; free virtual = 1951
---------------------------------------------------------------------------------
---------------------------------------------------------------------------------
Start Writing Synthesis Report
---------------------------------------------------------------------------------

Report BlackBoxes: 
+-+--------------+----------+
| |BlackBox name |Instances |
+-+--------------+----------+
+-+--------------+----------+

Report Cell Usage: 
+------+-------+------+
|      |Cell   |Count |
+------+-------+------+
|1     |CARRY4 |     4|
|2     |LUT1   |     2|
|3     |LUT2   |     3|
|4     |LUT4   |     7|
|5     |LUT5   |     7|
|6     |LUT6   |    18|
|7     |FDRE   |    77|
+------+-------+------+
---------------------------------------------------------------------------------
Finished Writing Synthesis Report : Time (s): cpu = 00:00:19 ; elapsed = 00:00:21 . Memory (MB): peak = 2361.402 ; gain = 63.887 ; free physical = 637 ; free virtual = 1951
---------------------------------------------------------------------------------
Synthesis finished with 0 errors, 0 critical warnings and 0 warnings.
Synthesis Optimization Runtime : Time (s): cpu = 00:00:17 ; elapsed = 00:00:20 . Memory (MB): peak = 2361.402 ; gain = 0.000 ; free physical = 685 ; free virtual = 1999
Synthesis Optimization Complete : Time (s): cpu = 00:00:19 ; elapsed = 00:00:21 . Memory (MB): peak = 2361.402 ; gain = 63.887 ; free physical = 685 ; free virtual = 1999
INFO: [Project 1-571] Translating synthesized netlist
Netlist sorting complete. Time (s): cpu = 00:00:00.01 ; elapsed = 00:00:00.01 . Memory (MB): peak = 2361.402 ; gain = 0.000 ; free physical = 603 ; free virtual = 1989
INFO: [Netlist 29-17] Analyzing 4 Unisim elements for replacement
INFO: [Netlist 29-28] Unisim Transformation completed in 0 CPU seconds
INFO: [Project 1-570] Preparing netlist for logic optimization
INFO: [Opt 31-138] Pushed 0 inverter(s) to 0 load pin(s).
Netlist sorting complete. Time (s): cpu = 00:00:00 ; elapsed = 00:00:00 . Memory (MB): peak = 2361.402 ; gain = 0.000 ; free physical = 634 ; free virtual = 2030
INFO: [Project 1-111] Unisim Transformation Summary:
No Unisim elements were transformed.

INFO: [Common 17-83] Releasing license: Synthesis
26 Infos, 1 Warnings, 0 Critical Warnings and 0 Errors encountered.
synth_design completed successfully
synth_design: Time (s): cpu = 00:00:29 ; elapsed = 00:00:25 . Memory (MB): peak = 2361.402 ; gain = 71.969 ; free physical = 767 ; free virtual = 2163
INFO: [Common 17-1381] The checkpoint '/home/stexo/Nextcloud/uni/Polimi/8_Semester/DESD/labs/DESD_LABS/Jstk2_SpaceShooter/Jstk2_SpaceShooter.runs/interface_bd_digilent_jstk2_0_0_synth_1/interface_bd_digilent_jstk2_0_0.dcp' has been generated.
WARNING: [Common 17-576] 'use_project_ipc' is deprecated. This option is deprecated and no longer used.
INFO: [Common 17-1381] The checkpoint '/home/stexo/Nextcloud/uni/Polimi/8_Semester/DESD/labs/DESD_LABS/Jstk2_SpaceShooter/Jstk2_SpaceShooter.runs/interface_bd_digilent_jstk2_0_0_synth_1/interface_bd_digilent_jstk2_0_0.dcp' has been generated.
INFO: [runtcl-4] Executing : report_utilization -file interface_bd_digilent_jstk2_0_0_utilization_synth.rpt -pb interface_bd_digilent_jstk2_0_0_utilization_synth.pb
INFO: [Common 17-206] Exiting Vivado at Wed Apr 19 01:51:14 2023...
