
*** Running vivado
    with args -log BlockDesign_MobileMean_0_0.vds -m64 -product Vivado -mode batch -messageDb vivado.pb -notrace -source BlockDesign_MobileMean_0_0.tcl



****** Vivado v2020.2 (64-bit)
  **** SW Build 3064766 on Wed Nov 18 09:12:45 MST 2020
  **** IP Build 3064653 on Wed Nov 18 14:17:31 MST 2020
    ** Copyright 1986-2020 Xilinx, Inc. All Rights Reserved.

source BlockDesign_MobileMean_0_0.tcl -notrace
INFO: [IP_Flow 19-234] Refreshing IP repositories
WARNING: [IP_Flow 19-2248] Failed to load user IP repository 'c:/Users/daido/Desktop/Polimi/Anno 4/DESD/code/ipCoreVivado'; Can't find the specified path.
If this directory should no longer be in your list of user repositories, go to the IP Settings dialog and remove it.
INFO: [IP_Flow 19-1700] Loaded user IP repository 'c:/Users/daido/Desktop/Polimi/Anno 4/DESD/IP'.
INFO: [IP_Flow 19-2313] Loaded Vivado IP repository 'C:/Xilinx/Vivado/2020.2/data/ip'.
WARNING: [IP_Flow 19-4995] The host OS only allows 260 characters in a normal path. The IP cache path is more than 80 characters. If you experience issues with IP caching, please consider changing the IP cache to a location with a shorter path. Alternately consider using the OS subst command to map part of the path to a drive letter. 
Current IP cache path is c:/Users/daido/Desktop/Polimi/Anno 4/DESD/Git/KittCarPWM/AuDiOcOnSoLe/AuDiOcOnSoLe.cache/ip 
Command: synth_design -top BlockDesign_MobileMean_0_0 -part xc7a35tcpg236-1 -mode out_of_context
Starting synth_design
WARNING: [IP_Flow 19-3571] IP 'BlockDesign_MobileMean_0_0' is restricted:
* Module reference is stale and needs refreshing.
Attempting to get a license for feature 'Synthesis' and/or device 'xc7a35t'
INFO: [Common 17-349] Got license for feature 'Synthesis' and/or device 'xc7a35t'
INFO: [Device 21-403] Loading part xc7a35tcpg236-1
INFO: [Synth 8-7079] Multithreading enabled for synth_design using a maximum of 2 processes.
INFO: [Synth 8-7078] Launching helper process for spawning children vivado processes
INFO: [Synth 8-7075] Helper process launched with PID 13660
---------------------------------------------------------------------------------
Starting RTL Elaboration : Time (s): cpu = 00:00:03 ; elapsed = 00:00:08 . Memory (MB): peak = 1005.801 ; gain = 0.000
---------------------------------------------------------------------------------
INFO: [Synth 8-638] synthesizing module 'BlockDesign_MobileMean_0_0' [c:/Users/daido/Desktop/Polimi/Anno 4/DESD/Git/KittCarPWM/AuDiOcOnSoLe/AuDiOcOnSoLe.gen/sources_1/bd/BlockDesign/ip/BlockDesign_MobileMean_0_0/synth/BlockDesign_MobileMean_0_0.vhd:72]
	Parameter AXIS_TDATA_WIDTH bound to: 24 - type: integer 
	Parameter AVERAGING_WINDOW_SIZE bound to: 32 - type: integer 
INFO: [Synth 8-3491] module 'MobileMean' declared at 'C:/Users/daido/Desktop/Polimi/Anno 4/DESD/Git/KittCarPWM/AuDiOcOnSoLe/AuDiOcOnSoLe.srcs/sources_1/new/MobileMean.vhd:33' bound to instance 'U0' of component 'MobileMean' [c:/Users/daido/Desktop/Polimi/Anno 4/DESD/Git/KittCarPWM/AuDiOcOnSoLe/AuDiOcOnSoLe.gen/sources_1/bd/BlockDesign/ip/BlockDesign_MobileMean_0_0/synth/BlockDesign_MobileMean_0_0.vhd:119]
INFO: [Synth 8-638] synthesizing module 'MobileMean' [C:/Users/daido/Desktop/Polimi/Anno 4/DESD/Git/KittCarPWM/AuDiOcOnSoLe/AuDiOcOnSoLe.srcs/sources_1/new/MobileMean.vhd:71]
	Parameter AXIS_TDATA_WIDTH bound to: 24 - type: integer 
	Parameter AVERAGING_WINDOW_SIZE bound to: 32 - type: integer 
INFO: [Synth 8-256] done synthesizing module 'MobileMean' (1#1) [C:/Users/daido/Desktop/Polimi/Anno 4/DESD/Git/KittCarPWM/AuDiOcOnSoLe/AuDiOcOnSoLe.srcs/sources_1/new/MobileMean.vhd:71]
INFO: [Synth 8-256] done synthesizing module 'BlockDesign_MobileMean_0_0' (2#1) [c:/Users/daido/Desktop/Polimi/Anno 4/DESD/Git/KittCarPWM/AuDiOcOnSoLe/AuDiOcOnSoLe.gen/sources_1/bd/BlockDesign/ip/BlockDesign_MobileMean_0_0/synth/BlockDesign_MobileMean_0_0.vhd:72]
---------------------------------------------------------------------------------
Finished RTL Elaboration : Time (s): cpu = 00:00:04 ; elapsed = 00:00:09 . Memory (MB): peak = 1005.801 ; gain = 0.000
---------------------------------------------------------------------------------
---------------------------------------------------------------------------------
Start Handling Custom Attributes
---------------------------------------------------------------------------------
---------------------------------------------------------------------------------
Finished Handling Custom Attributes : Time (s): cpu = 00:00:04 ; elapsed = 00:00:10 . Memory (MB): peak = 1005.801 ; gain = 0.000
---------------------------------------------------------------------------------
---------------------------------------------------------------------------------
Finished RTL Optimization Phase 1 : Time (s): cpu = 00:00:04 ; elapsed = 00:00:10 . Memory (MB): peak = 1005.801 ; gain = 0.000
---------------------------------------------------------------------------------
Netlist sorting complete. Time (s): cpu = 00:00:00 ; elapsed = 00:00:00.019 . Memory (MB): peak = 1005.801 ; gain = 0.000
INFO: [Project 1-570] Preparing netlist for logic optimization

Processing XDC Constraints
Initializing timing engine
Completed Processing XDC Constraints

Netlist sorting complete. Time (s): cpu = 00:00:00 ; elapsed = 00:00:00.001 . Memory (MB): peak = 1005.801 ; gain = 0.000
INFO: [Project 1-111] Unisim Transformation Summary:
No Unisim elements were transformed.

Constraint Validation Runtime : Time (s): cpu = 00:00:00 ; elapsed = 00:00:00.044 . Memory (MB): peak = 1005.801 ; gain = 0.000
---------------------------------------------------------------------------------
Finished Constraint Validation : Time (s): cpu = 00:00:10 ; elapsed = 00:00:17 . Memory (MB): peak = 1005.801 ; gain = 0.000
---------------------------------------------------------------------------------
---------------------------------------------------------------------------------
Start Loading Part and Timing Information
---------------------------------------------------------------------------------
Loading part: xc7a35tcpg236-1
---------------------------------------------------------------------------------
Finished Loading Part and Timing Information : Time (s): cpu = 00:00:10 ; elapsed = 00:00:17 . Memory (MB): peak = 1005.801 ; gain = 0.000
---------------------------------------------------------------------------------
---------------------------------------------------------------------------------
Start Applying 'set_property' XDC Constraints
---------------------------------------------------------------------------------
---------------------------------------------------------------------------------
Finished applying 'set_property' XDC Constraints : Time (s): cpu = 00:00:10 ; elapsed = 00:00:17 . Memory (MB): peak = 1005.801 ; gain = 0.000
---------------------------------------------------------------------------------
INFO: [Synth 8-802] inferred FSM for state register 'state_reg' in module 'MobileMean'
---------------------------------------------------------------------------------------------------
                   State |                     New Encoding |                Previous Encoding 
---------------------------------------------------------------------------------------------------
               receive_l |                               00 |                               00
               receive_r |                               01 |                               01
                  send_l |                               10 |                               10
                  send_r |                               11 |                               11
---------------------------------------------------------------------------------------------------
INFO: [Synth 8-3354] encoded FSM with state register 'state_reg' using encoding 'sequential' in module 'MobileMean'
---------------------------------------------------------------------------------
Finished RTL Optimization Phase 2 : Time (s): cpu = 00:00:10 ; elapsed = 00:00:17 . Memory (MB): peak = 1005.801 ; gain = 0.000
---------------------------------------------------------------------------------
---------------------------------------------------------------------------------
Start RTL Component Statistics 
---------------------------------------------------------------------------------
Detailed RTL Component Info : 
+---Adders : 
	   4 Input   29 Bit       Adders := 2     
+---Registers : 
	               29 Bit    Registers := 2     
	               24 Bit    Registers := 67    
	                1 Bit    Registers := 6     
+---Muxes : 
	   4 Input   24 Bit        Muxes := 1     
	   2 Input   24 Bit        Muxes := 1     
	   4 Input    2 Bit        Muxes := 1     
	   2 Input    2 Bit        Muxes := 1     
	   4 Input    1 Bit        Muxes := 10    
	   2 Input    1 Bit        Muxes := 3     
---------------------------------------------------------------------------------
Finished RTL Component Statistics 
---------------------------------------------------------------------------------
---------------------------------------------------------------------------------
Start Part Resource Summary
---------------------------------------------------------------------------------
Part Resources:
DSPs: 90 (col length:60)
BRAMs: 100 (col length: RAMB18 60 RAMB36 30)
---------------------------------------------------------------------------------
Finished Part Resource Summary
---------------------------------------------------------------------------------
---------------------------------------------------------------------------------
Start Cross Boundary and Area Optimization
---------------------------------------------------------------------------------
---------------------------------------------------------------------------------
Finished Cross Boundary and Area Optimization : Time (s): cpu = 00:00:11 ; elapsed = 00:00:20 . Memory (MB): peak = 1005.801 ; gain = 0.000
---------------------------------------------------------------------------------
---------------------------------------------------------------------------------
Start Applying XDC Timing Constraints
---------------------------------------------------------------------------------
---------------------------------------------------------------------------------
Finished Applying XDC Timing Constraints : Time (s): cpu = 00:00:17 ; elapsed = 00:00:27 . Memory (MB): peak = 1005.801 ; gain = 0.000
---------------------------------------------------------------------------------
---------------------------------------------------------------------------------
Start Timing Optimization
---------------------------------------------------------------------------------
---------------------------------------------------------------------------------
Finished Timing Optimization : Time (s): cpu = 00:00:17 ; elapsed = 00:00:27 . Memory (MB): peak = 1005.801 ; gain = 0.000
---------------------------------------------------------------------------------
---------------------------------------------------------------------------------
Start Technology Mapping
---------------------------------------------------------------------------------
---------------------------------------------------------------------------------
Finished Technology Mapping : Time (s): cpu = 00:00:17 ; elapsed = 00:00:27 . Memory (MB): peak = 1005.801 ; gain = 0.000
---------------------------------------------------------------------------------
---------------------------------------------------------------------------------
Start IO Insertion
---------------------------------------------------------------------------------
---------------------------------------------------------------------------------
Start Flattening Before IO Insertion
---------------------------------------------------------------------------------
---------------------------------------------------------------------------------
Finished Flattening Before IO Insertion
---------------------------------------------------------------------------------
---------------------------------------------------------------------------------
Start Final Netlist Cleanup
---------------------------------------------------------------------------------
---------------------------------------------------------------------------------
Finished Final Netlist Cleanup
---------------------------------------------------------------------------------
---------------------------------------------------------------------------------
Finished IO Insertion : Time (s): cpu = 00:00:20 ; elapsed = 00:00:31 . Memory (MB): peak = 1005.801 ; gain = 0.000
---------------------------------------------------------------------------------
---------------------------------------------------------------------------------
Start Renaming Generated Instances
---------------------------------------------------------------------------------
---------------------------------------------------------------------------------
Finished Renaming Generated Instances : Time (s): cpu = 00:00:20 ; elapsed = 00:00:31 . Memory (MB): peak = 1005.801 ; gain = 0.000
---------------------------------------------------------------------------------
---------------------------------------------------------------------------------
Start Rebuilding User Hierarchy
---------------------------------------------------------------------------------
---------------------------------------------------------------------------------
Finished Rebuilding User Hierarchy : Time (s): cpu = 00:00:20 ; elapsed = 00:00:31 . Memory (MB): peak = 1005.801 ; gain = 0.000
---------------------------------------------------------------------------------
---------------------------------------------------------------------------------
Start Renaming Generated Ports
---------------------------------------------------------------------------------
---------------------------------------------------------------------------------
Finished Renaming Generated Ports : Time (s): cpu = 00:00:20 ; elapsed = 00:00:31 . Memory (MB): peak = 1005.801 ; gain = 0.000
---------------------------------------------------------------------------------
---------------------------------------------------------------------------------
Start Handling Custom Attributes
---------------------------------------------------------------------------------
---------------------------------------------------------------------------------
Finished Handling Custom Attributes : Time (s): cpu = 00:00:20 ; elapsed = 00:00:31 . Memory (MB): peak = 1005.801 ; gain = 0.000
---------------------------------------------------------------------------------
---------------------------------------------------------------------------------
Start Renaming Generated Nets
---------------------------------------------------------------------------------
---------------------------------------------------------------------------------
Finished Renaming Generated Nets : Time (s): cpu = 00:00:20 ; elapsed = 00:00:31 . Memory (MB): peak = 1005.801 ; gain = 0.000
---------------------------------------------------------------------------------
---------------------------------------------------------------------------------
Start ROM, RAM, DSP, Shift Register and Retiming Reporting
---------------------------------------------------------------------------------

Static Shift Register Report:
+---------------------------+----------------------+--------+-------+--------------+--------------------+-------------------+--------+---------+
|Module Name                | RTL Name             | Length | Width | Reset Signal | Pull out first Reg | Pull out last Reg | SRL16E | SRLC32E | 
+---------------------------+----------------------+--------+-------+--------------+--------------------+-------------------+--------+---------+
|BlockDesign_MobileMean_0_0 | U0/mem_L_reg[31][23] | 32     | 24    | NO           | NO                 | YES               | 0      | 24      | 
|BlockDesign_MobileMean_0_0 | U0/mem_R_reg[31][23] | 32     | 24    | NO           | NO                 | YES               | 0      | 24      | 
+---------------------------+----------------------+--------+-------+--------------+--------------------+-------------------+--------+---------+

---------------------------------------------------------------------------------
Finished ROM, RAM, DSP, Shift Register and Retiming Reporting
---------------------------------------------------------------------------------
---------------------------------------------------------------------------------
Start Writing Synthesis Report
---------------------------------------------------------------------------------

Report BlackBoxes: 
+-+--------------+----------+
| |BlackBox name |Instances |
+-+--------------+----------+
+-+--------------+----------+

Report Cell Usage: 
+------+--------+------+
|      |Cell    |Count |
+------+--------+------+
|1     |CARRY4  |    16|
|2     |LUT2    |    12|
|3     |LUT3    |   101|
|4     |LUT4    |     3|
|5     |LUT5    |     3|
|6     |LUT6    |    52|
|7     |SRLC32E |    48|
|8     |FDRE    |   186|
+------+--------+------+
---------------------------------------------------------------------------------
Finished Writing Synthesis Report : Time (s): cpu = 00:00:20 ; elapsed = 00:00:31 . Memory (MB): peak = 1005.801 ; gain = 0.000
---------------------------------------------------------------------------------
Synthesis finished with 0 errors, 0 critical warnings and 0 warnings.
Synthesis Optimization Runtime : Time (s): cpu = 00:00:14 ; elapsed = 00:00:29 . Memory (MB): peak = 1005.801 ; gain = 0.000
Synthesis Optimization Complete : Time (s): cpu = 00:00:20 ; elapsed = 00:00:31 . Memory (MB): peak = 1005.801 ; gain = 0.000
INFO: [Project 1-571] Translating synthesized netlist
Netlist sorting complete. Time (s): cpu = 00:00:00 ; elapsed = 00:00:00.008 . Memory (MB): peak = 1005.801 ; gain = 0.000
INFO: [Netlist 29-17] Analyzing 16 Unisim elements for replacement
INFO: [Netlist 29-28] Unisim Transformation completed in 0 CPU seconds
INFO: [Project 1-570] Preparing netlist for logic optimization
INFO: [Opt 31-138] Pushed 0 inverter(s) to 0 load pin(s).
Netlist sorting complete. Time (s): cpu = 00:00:00 ; elapsed = 00:00:00 . Memory (MB): peak = 1005.801 ; gain = 0.000
INFO: [Project 1-111] Unisim Transformation Summary:
No Unisim elements were transformed.

INFO: [Common 17-83] Releasing license: Synthesis
24 Infos, 3 Warnings, 0 Critical Warnings and 0 Errors encountered.
synth_design completed successfully
synth_design: Time (s): cpu = 00:00:24 ; elapsed = 00:00:39 . Memory (MB): peak = 1005.801 ; gain = 0.000
INFO: [Common 17-1381] The checkpoint 'C:/Users/daido/Desktop/Polimi/Anno 4/DESD/Git/KittCarPWM/AuDiOcOnSoLe/AuDiOcOnSoLe.runs/BlockDesign_MobileMean_0_0_synth_1/BlockDesign_MobileMean_0_0.dcp' has been generated.
WARNING: [Common 17-576] 'use_project_ipc' is deprecated. This option is deprecated and no longer used.
INFO: [Common 17-1381] The checkpoint 'C:/Users/daido/Desktop/Polimi/Anno 4/DESD/Git/KittCarPWM/AuDiOcOnSoLe/AuDiOcOnSoLe.runs/BlockDesign_MobileMean_0_0_synth_1/BlockDesign_MobileMean_0_0.dcp' has been generated.
INFO: [runtcl-4] Executing : report_utilization -file BlockDesign_MobileMean_0_0_utilization_synth.rpt -pb BlockDesign_MobileMean_0_0_utilization_synth.pb
INFO: [Common 17-206] Exiting Vivado at Mon May 22 23:55:52 2023...
